Using pre-set license

 COMMAND LINE ARGUMENTS:
/Users/dylansward/Desktop/Programs/Other/Unity Downloads/2020.3.13f1/Unity.app/Contents/MacOS/Unity
-adb2
-batchMode
-noUpm
-name
AssetImportWorker0
-projectPath
/Users/dylansward/Desktop/Programs/Games/Unity3TBDungeonGame/3TB_Dungeon_Game
-logFile
Logs/AssetImportWorker0.log
-srvPort
49615
Successfully changed project path to: /Users/dylansward/Desktop/Programs/Games/Unity3TBDungeonGame/3TB_Dungeon_Game
/Users/dylansward/Desktop/Programs/Games/Unity3TBDungeonGame/3TB_Dungeon_Game
Using Asset Import Pipeline V2.
Refreshing native plugins compatible for Editor in 103.42 ms, found 3 plugins.
Preloading 0 native plugins for Editor in 0.00 ms.
Initialize engine version: 2020.3.13f1 (71691879b7f5)
[Subsystems] Discovering subsystems at path /Users/dylansward/Desktop/Programs/Other/Unity Downloads/2020.3.13f1/Unity.app/Contents/Resources/UnitySubsystems
[Subsystems] Discovering subsystems at path /Users/dylansward/Desktop/Programs/Games/Unity3TBDungeonGame/3TB_Dungeon_Game/Assets
GfxDevice: creating device client; threaded=0
2021-07-29 13:04:04.656 Unity[1839:30254] Color LCD preferred device: Intel(R) Iris(TM) Graphics 6000 (low power)
2021-07-29 13:04:04.656 Unity[1839:30254] Metal devices available: 1
2021-07-29 13:04:04.656 Unity[1839:30254] 0: Intel(R) Iris(TM) Graphics 6000 (low power)
2021-07-29 13:04:04.656 Unity[1839:30254] Using device Intel(R) Iris(TM) Graphics 6000 (low power)
Initializing Metal device caps: Intel(R) Iris(TM) Graphics 6000
Initialize mono
Mono path[0] = '/Users/dylansward/Desktop/Programs/Other/Unity Downloads/2020.3.13f1/Unity.app/Contents/Managed'
Mono path[1] = '/Users/dylansward/Desktop/Programs/Other/Unity Downloads/2020.3.13f1/Unity.app/Contents/MonoBleedingEdge/lib/mono/unityjit'
Mono config path = '/Users/dylansward/Desktop/Programs/Other/Unity Downloads/2020.3.13f1/Unity.app/Contents/MonoBleedingEdge/etc'
Using monoOptions --debugger-agent=transport=dt_socket,embedding=1,server=y,suspend=n,address=127.0.0.1:56839
Begin MonoManager ReloadAssembly
Registering precompiled unity dll's ...
Register platform support module: /Users/dylansward/Desktop/Programs/Other/Unity Downloads/2020.3.13f1/PlaybackEngines/WebGLSupport/UnityEditor.WebGL.Extensions.dll
Register platform support module: /Users/dylansward/Desktop/Programs/Other/Unity Downloads/2020.3.13f1/Unity.app/Contents/PlaybackEngines/MacStandaloneSupport/UnityEditor.OSXStandalone.Extensions.dll
Register platform support module: /Users/dylansward/Desktop/Programs/Other/Unity Downloads/2020.3.13f1/PlaybackEngines/WindowsStandaloneSupport/UnityEditor.WindowsStandalone.Extensions.dll
Registered in 0.001354 seconds.
Native extension for WindowsStandalone target not found
Native extension for OSXStandalone target not found
Native extension for WebGL target not found
Refreshing native plugins compatible for Editor in 108.10 ms, found 3 plugins.
Preloading 0 native plugins for Editor in 0.00 ms.
Mono: successfully reloaded assembly
- Completed reload, in  4.434 seconds
Platform modules already initialized, skipping
Registering precompiled user dll's ...
Registered in 0.009702 seconds.
Begin MonoManager ReloadAssembly
Native extension for WindowsStandalone target not found
Native extension for OSXStandalone target not found
Native extension for WebGL target not found
Refreshing native plugins compatible for Editor in 97.34 ms, found 3 plugins.
Preloading 0 native plugins for Editor in 0.00 ms.
Mono: successfully reloaded assembly
- Completed reload, in  3.490 seconds
Platform modules already initialized, skipping
========================================================================
Worker process is ready to serve import requests
Launching external process: /Users/dylansward/Desktop/Programs/Other/Unity Downloads/2020.3.13f1/Unity.app/Contents/Tools/UnityShaderCompiler
Launched and connected shader compiler UnityShaderCompiler after 0.03 seconds
Refreshing native plugins compatible for Editor in 0.92 ms, found 3 plugins.
Preloading 0 native plugins for Editor in 0.00 ms.
Unloading 2234 Unused Serialized files (Serialized files now loaded: 0)
System memory in use before: 181.4 MB.
System memory in use after: 181.4 MB.

Unloading 31 unused Assets to reduce memory usage. Loaded Objects now: 2679.
Total: 3.621625 ms (FindLiveObjects: 0.259047 ms CreateObjectMapping: 0.089760 ms MarkObjects: 3.129711 ms  DeleteObjects: 0.141150 ms)

AssetImportParameters requested are different than current active one (requested -> active):
  custom:video-decoder-ogg-theora: a1e56fd34408186e4bbccfd4996cb3dc -> 
  custom:container-muxer-webm: aa71ff27fc2769a1b78a27578f13a17b -> 
  custom:container-demuxer-webm: 4f35f7cbe854078d1ac9338744f61a02 -> 
  custom:container-demuxer-ogg: 62fdf1f143b41e24485cea50d1cbac27 -> 
  custom:video-encoder-webm-vp8: eb34c28f22e8b96e1ab97ce403110664 -> 
  custom:framework-osx-AVFoundation: e770b220cccbd017edd2c1fefb359320 -> 
  custom:video-decoder-webm-vp8: 9c59270c3fd7afecdb556c50c9e8de78 -> 
  custom:audio-decoder-ogg-vorbis: bf7c407c2cedff20999df2af8eb42d56 -> 
  custom:audio-encoder-webm-vorbis: bf7c407c2cedff20999df2af8eb42d56 -> 
========================================================================
Received Import Request.
  path: Assets/Code/PlayerController.cs
  artifactKey: Guid(0ba11e2d0c5e3db4eabe14802451c381) Importer(815301076,1909f56bfc062723c751e8b465ee728b)
Start importing Assets/Code/PlayerController.cs using Guid(0ba11e2d0c5e3db4eabe14802451c381) Importer(815301076,1909f56bfc062723c751e8b465ee728b)  -> (artifact id: '926234c084702b667dd121e0eb4d758a') in 5.855905 seconds 
  Import took 5.865854 seconds .

========================================================================
Received Prepare
Refreshing native plugins compatible for Editor in 31.11 ms, found 3 plugins.
Preloading 0 native plugins for Editor in 0.00 ms.
Unloading 17 Unused Serialized files (Serialized files now loaded: 0)
System memory in use before: 140.7 MB.
System memory in use after: 140.7 MB.

Unloading 17 unused Assets to reduce memory usage. Loaded Objects now: 2679.
Total: 4.095633 ms (FindLiveObjects: 0.777973 ms CreateObjectMapping: 0.579699 ms MarkObjects: 2.624744 ms  DeleteObjects: 0.111578 ms)

AssetImportParameters requested are different than current active one (requested -> active):
  custom:video-decoder-ogg-theora: a1e56fd34408186e4bbccfd4996cb3dc -> 
  custom:container-muxer-webm: aa71ff27fc2769a1b78a27578f13a17b -> 
  custom:container-demuxer-webm: 4f35f7cbe854078d1ac9338744f61a02 -> 
  custom:container-demuxer-ogg: 62fdf1f143b41e24485cea50d1cbac27 -> 
  custom:video-encoder-webm-vp8: eb34c28f22e8b96e1ab97ce403110664 -> 
  custom:framework-osx-AVFoundation: e770b220cccbd017edd2c1fefb359320 -> 
  custom:video-decoder-webm-vp8: 9c59270c3fd7afecdb556c50c9e8de78 -> 
  custom:audio-decoder-ogg-vorbis: bf7c407c2cedff20999df2af8eb42d56 -> 
  custom:audio-encoder-webm-vorbis: bf7c407c2cedff20999df2af8eb42d56 -> 
========================================================================
Received Import Request.
  Time since last request: 90.565176 seconds.
  path: Assets/Chests.prefab
  artifactKey: Guid(1d03fbb4ef26e4d21b451f050380a698) Importer(815301076,1909f56bfc062723c751e8b465ee728b)
Start importing Assets/Chests.prefab using Guid(1d03fbb4ef26e4d21b451f050380a698) Importer(815301076,1909f56bfc062723c751e8b465ee728b)  -> (artifact id: '02b54e25797da169d3421355abe0ef1d') in 1.601957 seconds 
  Import took 1.610906 seconds .

========================================================================
Received Import Request.
  Time since last request: 0.000340 seconds.
  path: Assets/GenericEnemy.prefab
  artifactKey: Guid(2e903fc3bc0fb3e468e0b0f70a0d50ea) Importer(815301076,1909f56bfc062723c751e8b465ee728b)
Start importing Assets/GenericEnemy.prefab using Guid(2e903fc3bc0fb3e468e0b0f70a0d50ea) Importer(815301076,1909f56bfc062723c751e8b465ee728b)  -> (artifact id: 'a3a5ca8b66679094aa305c61598cc183') in 0.023256 seconds 
  Import took 0.032398 seconds .

========================================================================
Received Import Request.
  Time since last request: 0.000764 seconds.
  path: Assets/dungeon_destroyable_obstacle.png
  artifactKey: Guid(27901e84cf295be449c9dbdfc67bb701) Importer(815301076,1909f56bfc062723c751e8b465ee728b)
Start importing Assets/dungeon_destroyable_obstacle.png using Guid(27901e84cf295be449c9dbdfc67bb701) Importer(815301076,1909f56bfc062723c751e8b465ee728b)  -> (artifact id: '5d50072aa63b1f4677331f64b1800d17') in 1.384329 seconds 
  Import took 1.393045 seconds .

========================================================================
Received Import Request.
  Time since last request: 0.000297 seconds.
  path: Assets/DungeonEntranceTileClosed.prefab
  artifactKey: Guid(1207687b49af6db49b30998f31553b96) Importer(815301076,1909f56bfc062723c751e8b465ee728b)
Start importing Assets/DungeonEntranceTileClosed.prefab using Guid(1207687b49af6db49b30998f31553b96) Importer(815301076,1909f56bfc062723c751e8b465ee728b)  -> (artifact id: 'c09816e3870c0f2c7916c4df778eaadb') in 0.025681 seconds 
  Import took 0.035542 seconds .

========================================================================
Received Import Request.
  Time since last request: 0.000301 seconds.
  path: Assets/GenericProjectile.png
  artifactKey: Guid(a8402bc9c41fec045943ff0b07ba1519) Importer(815301076,1909f56bfc062723c751e8b465ee728b)
Start importing Assets/GenericProjectile.png using Guid(a8402bc9c41fec045943ff0b07ba1519) Importer(815301076,1909f56bfc062723c751e8b465ee728b)  -> (artifact id: '5ab43f3db4879913c884205d33e0821b') in 0.030544 seconds 
  Import took 0.036756 seconds .

========================================================================
Received Import Request.
  Time since last request: 0.000339 seconds.
  path: Assets/DungeonEntranceTileOpen.prefab
  artifactKey: Guid(1e735cad1ba13404e96e4d106015b77e) Importer(815301076,1909f56bfc062723c751e8b465ee728b)
Start importing Assets/DungeonEntranceTileOpen.prefab using Guid(1e735cad1ba13404e96e4d106015b77e) Importer(815301076,1909f56bfc062723c751e8b465ee728b)  -> (artifact id: '00bffacccc8c9484ec7a510a128d48fc') in 0.026757 seconds 
  Import took 0.033346 seconds .

========================================================================
Received Import Request.
  Time since last request: 0.000422 seconds.
  path: Assets/DungeonWallTile.prefab
  artifactKey: Guid(eddbcda542d8a7645b70c83ca380465a) Importer(815301076,1909f56bfc062723c751e8b465ee728b)
Start importing Assets/DungeonWallTile.prefab using Guid(eddbcda542d8a7645b70c83ca380465a) Importer(815301076,1909f56bfc062723c751e8b465ee728b)  -> (artifact id: 'd8656b60f7e9106a7b4801a528c13997') in 0.027767 seconds 
  Import took 0.034509 seconds .

========================================================================
Received Import Request.
  Time since last request: 0.000324 seconds.
  path: Assets/Dropped.prefab
  artifactKey: Guid(083a0f6a1db044053a699efcebd7c1b9) Importer(815301076,1909f56bfc062723c751e8b465ee728b)
Start importing Assets/Dropped.prefab using Guid(083a0f6a1db044053a699efcebd7c1b9) Importer(815301076,1909f56bfc062723c751e8b465ee728b)  -> (artifact id: 'e98a7c4bdc1d70d9ac5e8e043157f03f') in 0.027836 seconds 
  Import took 0.035475 seconds .

========================================================================
Received Import Request.
  Time since last request: 0.000560 seconds.
  path: Assets/MeleeEnemy.prefab
  artifactKey: Guid(e7488f472686ea14cb66a0417570a8de) Importer(815301076,1909f56bfc062723c751e8b465ee728b)
Start importing Assets/MeleeEnemy.prefab using Guid(e7488f472686ea14cb66a0417570a8de) Importer(815301076,1909f56bfc062723c751e8b465ee728b)  -> (artifact id: '24e057ac8e3d4e810d5da4af126f52da') in 0.040775 seconds 
  Import took 0.050559 seconds .

========================================================================
Received Import Request.
  Time since last request: 0.000309 seconds.
  path: Assets/DungeonDestroyableObstacle.prefab
  artifactKey: Guid(2aad6071e1caec94c910426128568ccd) Importer(815301076,1909f56bfc062723c751e8b465ee728b)
Start importing Assets/DungeonDestroyableObstacle.prefab using Guid(2aad6071e1caec94c910426128568ccd) Importer(815301076,1909f56bfc062723c751e8b465ee728b)  -> (artifact id: '2ed100733b33066d88a682025d57c771') in 0.039719 seconds 
  Import took 0.051600 seconds .

========================================================================
Received Import Request.
  Time since last request: 0.000816 seconds.
  path: Assets/RoomEnterTrigger.prefab
  artifactKey: Guid(429f0420f1cc061489203cc42b946d96) Importer(815301076,1909f56bfc062723c751e8b465ee728b)
Start importing Assets/RoomEnterTrigger.prefab using Guid(429f0420f1cc061489203cc42b946d96) Importer(815301076,1909f56bfc062723c751e8b465ee728b)  -> (artifact id: 'e5c55b8bc37e90eed2bcfe5e789004d9') in 0.031459 seconds 
  Import took 0.041970 seconds .

========================================================================
Received Import Request.
  Time since last request: 0.000366 seconds.
  path: Assets/GenericProjectile.prefab
  artifactKey: Guid(b7cb8ec0011a7ab4f9ce3a5e8df31a1b) Importer(815301076,1909f56bfc062723c751e8b465ee728b)
Start importing Assets/GenericProjectile.prefab using Guid(b7cb8ec0011a7ab4f9ce3a5e8df31a1b) Importer(815301076,1909f56bfc062723c751e8b465ee728b)  -> (artifact id: '2b81c62af702f2c42a24d91da6e3eb19') in 0.025978 seconds 
  Import took 0.032214 seconds .

========================================================================
Received Import Request.
  Time since last request: 0.000888 seconds.
  path: Assets/Player.prefab
  artifactKey: Guid(eae5b5cabdd6bcf48969255512c1817c) Importer(815301076,1909f56bfc062723c751e8b465ee728b)
Start importing Assets/Player.prefab using Guid(eae5b5cabdd6bcf48969255512c1817c) Importer(815301076,1909f56bfc062723c751e8b465ee728b)  -> (artifact id: '51141e259bd2f3ec032904213f185651') in 0.024544 seconds 
  Import took 0.031882 seconds .

========================================================================
Received Import Request.
  Time since last request: 0.000292 seconds.
  path: Assets/DungeonFloorTile.prefab
  artifactKey: Guid(bfdb03a86d4326f41b34f130a057c6a3) Importer(815301076,1909f56bfc062723c751e8b465ee728b)
Start importing Assets/DungeonFloorTile.prefab using Guid(bfdb03a86d4326f41b34f130a057c6a3) Importer(815301076,1909f56bfc062723c751e8b465ee728b)  -> (artifact id: 'e0edf039942bffb10ce8d29f80356867') in 0.027554 seconds 
  Import took 0.034553 seconds .

========================================================================
Received Import Request.
  Time since last request: 0.000410 seconds.
  path: Assets/RangeEnemy.prefab
  artifactKey: Guid(e84248eeb71af4b439e8cd3b00999f72) Importer(815301076,1909f56bfc062723c751e8b465ee728b)
Start importing Assets/RangeEnemy.prefab using Guid(e84248eeb71af4b439e8cd3b00999f72) Importer(815301076,1909f56bfc062723c751e8b465ee728b)  -> (artifact id: 'f6ee7f33b60a7abaf96516f01f8af194') in 0.012762 seconds 
  Import took 0.020380 seconds .

========================================================================
Received Import Request.
  Time since last request: 0.026652 seconds.
  path: Assets/Player.prefab
  artifactKey: Guid(eae5b5cabdd6bcf48969255512c1817c) Importer(815301076,1909f56bfc062723c751e8b465ee728b)
Start importing Assets/Player.prefab using Guid(eae5b5cabdd6bcf48969255512c1817c) Importer(815301076,1909f56bfc062723c751e8b465ee728b)  -> (artifact id: '51141e259bd2f3ec032904213f185651') in 0.034602 seconds 
  Import took 0.046411 seconds .

========================================================================
Received Import Request.
  Time since last request: 35.770573 seconds.
  path: Assets/Chests.prefab
  artifactKey: Guid(1d03fbb4ef26e4d21b451f050380a698) Importer(815301076,1909f56bfc062723c751e8b465ee728b)
Start importing Assets/Chests.prefab using Guid(1d03fbb4ef26e4d21b451f050380a698) Importer(815301076,1909f56bfc062723c751e8b465ee728b)  -> (artifact id: '9e0626e867e261285cade728ecdc23c6') in 0.041280 seconds 
  Import took 0.052367 seconds .

========================================================================
Received Import Request.
  Time since last request: 22.192306 seconds.
  path: Assets/Chests.prefab
  artifactKey: Guid(1d03fbb4ef26e4d21b451f050380a698) Importer(815301076,1909f56bfc062723c751e8b465ee728b)
Start importing Assets/Chests.prefab using Guid(1d03fbb4ef26e4d21b451f050380a698) Importer(815301076,1909f56bfc062723c751e8b465ee728b)  -> (artifact id: '93257a9f38843b1f39eea1e0d88c64ff') in 0.033280 seconds 
  Import took 0.044637 seconds .

========================================================================
Received Import Request.
  Time since last request: 4.831625 seconds.
  path: Assets/Chests.prefab
  artifactKey: Guid(1d03fbb4ef26e4d21b451f050380a698) Importer(815301076,1909f56bfc062723c751e8b465ee728b)
Start importing Assets/Chests.prefab using Guid(1d03fbb4ef26e4d21b451f050380a698) Importer(815301076,1909f56bfc062723c751e8b465ee728b)  -> (artifact id: '9c7b078f4b350d7ac1f2a1fa8144990c') in 0.018051 seconds 
  Import took 0.025017 seconds .

========================================================================
Received Prepare
Registering precompiled user dll's ...
Registered in 0.018393 seconds.
Begin MonoManager ReloadAssembly
Native extension for WindowsStandalone target not found
Native extension for OSXStandalone target not found
Native extension for WebGL target not found
Refreshing native plugins compatible for Editor in 1.67 ms, found 3 plugins.
Preloading 0 native plugins for Editor in 0.00 ms.
Mono: successfully reloaded assembly
- Completed reload, in  2.194 seconds
Platform modules already initialized, skipping
Refreshing native plugins compatible for Editor in 0.58 ms, found 3 plugins.
Preloading 0 native plugins for Editor in 0.00 ms.
Unloading 2222 Unused Serialized files (Serialized files now loaded: 0)
System memory in use before: 197.5 MB.
System memory in use after: 197.6 MB.

Unloading 19 unused Assets to reduce memory usage. Loaded Objects now: 2694.
Total: 5.496006 ms (FindLiveObjects: 0.607285 ms CreateObjectMapping: 1.140839 ms MarkObjects: 3.649129 ms  DeleteObjects: 0.097081 ms)

AssetImportParameters requested are different than current active one (requested -> active):
  custom:video-decoder-ogg-theora: a1e56fd34408186e4bbccfd4996cb3dc -> 
  custom:container-muxer-webm: aa71ff27fc2769a1b78a27578f13a17b -> 
  custom:container-demuxer-webm: 4f35f7cbe854078d1ac9338744f61a02 -> 
  custom:container-demuxer-ogg: 62fdf1f143b41e24485cea50d1cbac27 -> 
  custom:video-encoder-webm-vp8: eb34c28f22e8b96e1ab97ce403110664 -> 
  custom:framework-osx-AVFoundation: e770b220cccbd017edd2c1fefb359320 -> 
  custom:video-decoder-webm-vp8: 9c59270c3fd7afecdb556c50c9e8de78 -> 
  custom:audio-decoder-ogg-vorbis: bf7c407c2cedff20999df2af8eb42d56 -> 
  custom:audio-encoder-webm-vorbis: bf7c407c2cedff20999df2af8eb42d56 -> 
========================================================================
Received Prepare
Registering precompiled user dll's ...
Registered in 0.009063 seconds.
Begin MonoManager ReloadAssembly
Native extension for WindowsStandalone target not found
Native extension for OSXStandalone target not found
Native extension for WebGL target not found
Refreshing native plugins compatible for Editor in 0.75 ms, found 3 plugins.
Preloading 0 native plugins for Editor in 0.00 ms.
Mono: successfully reloaded assembly
- Completed reload, in  2.756 seconds
Platform modules already initialized, skipping
Refreshing native plugins compatible for Editor in 0.62 ms, found 3 plugins.
Preloading 0 native plugins for Editor in 0.00 ms.
Unloading 2222 Unused Serialized files (Serialized files now loaded: 0)
System memory in use before: 197.8 MB.
System memory in use after: 197.9 MB.

Unloading 19 unused Assets to reduce memory usage. Loaded Objects now: 2698.
Total: 3.756580 ms (FindLiveObjects: 0.255405 ms CreateObjectMapping: 0.097595 ms MarkObjects: 3.230542 ms  DeleteObjects: 0.171003 ms)

AssetImportParameters requested are different than current active one (requested -> active):
  custom:video-decoder-ogg-theora: a1e56fd34408186e4bbccfd4996cb3dc -> 
  custom:container-muxer-webm: aa71ff27fc2769a1b78a27578f13a17b -> 
  custom:container-demuxer-webm: 4f35f7cbe854078d1ac9338744f61a02 -> 
  custom:container-demuxer-ogg: 62fdf1f143b41e24485cea50d1cbac27 -> 
  custom:video-encoder-webm-vp8: eb34c28f22e8b96e1ab97ce403110664 -> 
  custom:framework-osx-AVFoundation: e770b220cccbd017edd2c1fefb359320 -> 
  custom:video-decoder-webm-vp8: 9c59270c3fd7afecdb556c50c9e8de78 -> 
  custom:audio-decoder-ogg-vorbis: bf7c407c2cedff20999df2af8eb42d56 -> 
  custom:audio-encoder-webm-vorbis: bf7c407c2cedff20999df2af8eb42d56 -> 
========================================================================
Received Prepare
Registering precompiled user dll's ...
Registered in 0.008537 seconds.
Begin MonoManager ReloadAssembly
Native extension for WindowsStandalone target not found
Native extension for OSXStandalone target not found
Native extension for WebGL target not found
Refreshing native plugins compatible for Editor in 0.66 ms, found 3 plugins.
Preloading 0 native plugins for Editor in 0.00 ms.
Mono: successfully reloaded assembly
- Completed reload, in  2.422 seconds
Platform modules already initialized, skipping
Refreshing native plugins compatible for Editor in 0.60 ms, found 3 plugins.
Preloading 0 native plugins for Editor in 0.00 ms.
Unloading 2222 Unused Serialized files (Serialized files now loaded: 0)
System memory in use before: 198.1 MB.
System memory in use after: 198.2 MB.

Unloading 19 unused Assets to reduce memory usage. Loaded Objects now: 2702.
Total: 3.247057 ms (FindLiveObjects: 0.256555 ms CreateObjectMapping: 0.097288 ms MarkObjects: 2.784248 ms  DeleteObjects: 0.107278 ms)

AssetImportParameters requested are different than current active one (requested -> active):
  custom:video-decoder-ogg-theora: a1e56fd34408186e4bbccfd4996cb3dc -> 
  custom:container-muxer-webm: aa71ff27fc2769a1b78a27578f13a17b -> 
  custom:container-demuxer-webm: 4f35f7cbe854078d1ac9338744f61a02 -> 
  custom:container-demuxer-ogg: 62fdf1f143b41e24485cea50d1cbac27 -> 
  custom:video-encoder-webm-vp8: eb34c28f22e8b96e1ab97ce403110664 -> 
  custom:framework-osx-AVFoundation: e770b220cccbd017edd2c1fefb359320 -> 
  custom:video-decoder-webm-vp8: 9c59270c3fd7afecdb556c50c9e8de78 -> 
  custom:audio-decoder-ogg-vorbis: bf7c407c2cedff20999df2af8eb42d56 -> 
  custom:audio-encoder-webm-vorbis: bf7c407c2cedff20999df2af8eb42d56 -> 
========================================================================
Received Prepare
Registering precompiled user dll's ...
Registered in 0.003160 seconds.
Begin MonoManager ReloadAssembly
Native extension for WindowsStandalone target not found
Native extension for OSXStandalone target not found
Native extension for WebGL target not found
Refreshing native plugins compatible for Editor in 0.65 ms, found 3 plugins.
Preloading 0 native plugins for Editor in 0.00 ms.
Mono: successfully reloaded assembly
- Completed reload, in  1.994 seconds
Platform modules already initialized, skipping
Refreshing native plugins compatible for Editor in 0.62 ms, found 3 plugins.
Preloading 0 native plugins for Editor in 0.00 ms.
Unloading 2222 Unused Serialized files (Serialized files now loaded: 0)
System memory in use before: 198.4 MB.
System memory in use after: 198.5 MB.

Unloading 19 unused Assets to reduce memory usage. Loaded Objects now: 2706.
Total: 3.432775 ms (FindLiveObjects: 0.289995 ms CreateObjectMapping: 0.115222 ms MarkObjects: 2.924443 ms  DeleteObjects: 0.101080 ms)

AssetImportParameters requested are different than current active one (requested -> active):
  custom:video-decoder-ogg-theora: a1e56fd34408186e4bbccfd4996cb3dc -> 
  custom:container-muxer-webm: aa71ff27fc2769a1b78a27578f13a17b -> 
  custom:container-demuxer-webm: 4f35f7cbe854078d1ac9338744f61a02 -> 
  custom:container-demuxer-ogg: 62fdf1f143b41e24485cea50d1cbac27 -> 
  custom:video-encoder-webm-vp8: eb34c28f22e8b96e1ab97ce403110664 -> 
  custom:framework-osx-AVFoundation: e770b220cccbd017edd2c1fefb359320 -> 
  custom:video-decoder-webm-vp8: 9c59270c3fd7afecdb556c50c9e8de78 -> 
  custom:audio-decoder-ogg-vorbis: bf7c407c2cedff20999df2af8eb42d56 -> 
  custom:audio-encoder-webm-vorbis: bf7c407c2cedff20999df2af8eb42d56 -> 
========================================================================
Received Import Request.
  Time since last request: 350.367544 seconds.
  path: Assets/MeleeEnemy.prefab
  artifactKey: Guid(e7488f472686ea14cb66a0417570a8de) Importer(815301076,1909f56bfc062723c751e8b465ee728b)
Start importing Assets/MeleeEnemy.prefab using Guid(e7488f472686ea14cb66a0417570a8de) Importer(815301076,1909f56bfc062723c751e8b465ee728b)  -> (artifact id: '67306fd66dd5f7639909b5cf8d2981e9') in 0.070503 seconds 
  Import took 0.076717 seconds .

========================================================================
Received Import Request.
  Time since last request: 1.031669 seconds.
  path: Assets/MeleeEnemy.prefab
  artifactKey: Guid(e7488f472686ea14cb66a0417570a8de) Importer(815301076,1909f56bfc062723c751e8b465ee728b)
Start importing Assets/MeleeEnemy.prefab using Guid(e7488f472686ea14cb66a0417570a8de) Importer(815301076,1909f56bfc062723c751e8b465ee728b)  -> (artifact id: 'b0ef8a2abdb9e491a2fc2eb84c0bb244') in 0.013650 seconds 
  Import took 0.022903 seconds .

========================================================================
Received Import Request.
  Time since last request: 10.816741 seconds.
  path: Assets/RangeEnemy.prefab
  artifactKey: Guid(e84248eeb71af4b439e8cd3b00999f72) Importer(815301076,1909f56bfc062723c751e8b465ee728b)
Start importing Assets/RangeEnemy.prefab using Guid(e84248eeb71af4b439e8cd3b00999f72) Importer(815301076,1909f56bfc062723c751e8b465ee728b)  -> (artifact id: 'b1518d4c66f93e4c8db02573ebbd6168') in 0.013139 seconds 
  Import took 0.023591 seconds .

========================================================================
Received Import Request.
  Time since last request: 1.798875 seconds.
  path: Assets/RangeEnemy.prefab
  artifactKey: Guid(e84248eeb71af4b439e8cd3b00999f72) Importer(815301076,1909f56bfc062723c751e8b465ee728b)
Start importing Assets/RangeEnemy.prefab using Guid(e84248eeb71af4b439e8cd3b00999f72) Importer(815301076,1909f56bfc062723c751e8b465ee728b)  -> (artifact id: '1b83c09791b8f52ea83b15e844a3f81a') in 0.012622 seconds 
  Import took 0.025596 seconds .

========================================================================
Received Import Request.
  Time since last request: 120.270598 seconds.
  path: Assets/Code/EnemyController.cs
  artifactKey: Guid(dfac6a22c05c7cd4da07adcd5fc4c0fd) Importer(815301076,1909f56bfc062723c751e8b465ee728b)
Start importing Assets/Code/EnemyController.cs using Guid(dfac6a22c05c7cd4da07adcd5fc4c0fd) Importer(815301076,1909f56bfc062723c751e8b465ee728b)  -> (artifact id: 'b65321b134d0eae7037ea1eed887ba45') in 0.006977 seconds 
  Import took 0.015971 seconds .

========================================================================
Received Import Request.
  Time since last request: 0.047623 seconds.
  path: Assets/Code/EnemyController.cs
  artifactKey: Guid(dfac6a22c05c7cd4da07adcd5fc4c0fd) Importer(815301076,1909f56bfc062723c751e8b465ee728b)
Start importing Assets/Code/EnemyController.cs using Guid(dfac6a22c05c7cd4da07adcd5fc4c0fd) Importer(815301076,1909f56bfc062723c751e8b465ee728b)  -> (artifact id: 'b65321b134d0eae7037ea1eed887ba45') in 0.009694 seconds 
  Import took 0.017397 seconds .

========================================================================
Received Prepare
Registering precompiled user dll's ...
Registered in 0.018087 seconds.
Begin MonoManager ReloadAssembly
Native extension for WindowsStandalone target not found
Native extension for OSXStandalone target not found
Native extension for WebGL target not found
Refreshing native plugins compatible for Editor in 0.75 ms, found 3 plugins.
Preloading 0 native plugins for Editor in 0.00 ms.
Mono: successfully reloaded assembly
- Completed reload, in  2.660 seconds
Platform modules already initialized, skipping
Refreshing native plugins compatible for Editor in 1.71 ms, found 3 plugins.
Preloading 0 native plugins for Editor in 0.00 ms.
Unloading 2222 Unused Serialized files (Serialized files now loaded: 0)
System memory in use before: 198.7 MB.
System memory in use after: 198.8 MB.

Unloading 19 unused Assets to reduce memory usage. Loaded Objects now: 2710.
Total: 5.758639 ms (FindLiveObjects: 0.526276 ms CreateObjectMapping: 0.288820 ms MarkObjects: 4.714550 ms  DeleteObjects: 0.226650 ms)

AssetImportParameters requested are different than current active one (requested -> active):
  custom:video-decoder-ogg-theora: a1e56fd34408186e4bbccfd4996cb3dc -> 
  custom:container-muxer-webm: aa71ff27fc2769a1b78a27578f13a17b -> 
  custom:container-demuxer-webm: 4f35f7cbe854078d1ac9338744f61a02 -> 
  custom:container-demuxer-ogg: 62fdf1f143b41e24485cea50d1cbac27 -> 
  custom:video-encoder-webm-vp8: eb34c28f22e8b96e1ab97ce403110664 -> 
  custom:framework-osx-AVFoundation: e770b220cccbd017edd2c1fefb359320 -> 
  custom:video-decoder-webm-vp8: 9c59270c3fd7afecdb556c50c9e8de78 -> 
  custom:audio-decoder-ogg-vorbis: bf7c407c2cedff20999df2af8eb42d56 -> 
  custom:audio-encoder-webm-vorbis: bf7c407c2cedff20999df2af8eb42d56 -> 
========================================================================
Received Prepare
Registering precompiled user dll's ...
Registered in 0.007147 seconds.
Begin MonoManager ReloadAssembly
Native extension for WindowsStandalone target not found
Native extension for OSXStandalone target not found
Native extension for WebGL target not found
Refreshing native plugins compatible for Editor in 0.57 ms, found 3 plugins.
Preloading 0 native plugins for Editor in 0.00 ms.
Mono: successfully reloaded assembly
- Completed reload, in  1.820 seconds
Platform modules already initialized, skipping
Refreshing native plugins compatible for Editor in 0.57 ms, found 3 plugins.
Preloading 0 native plugins for Editor in 0.00 ms.
Unloading 2222 Unused Serialized files (Serialized files now loaded: 0)
System memory in use before: 199.0 MB.
System memory in use after: 199.0 MB.

Unloading 19 unused Assets to reduce memory usage. Loaded Objects now: 2714.
Total: 2.930046 ms (FindLiveObjects: 0.260463 ms CreateObjectMapping: 0.089670 ms MarkObjects: 2.484435 ms  DeleteObjects: 0.094114 ms)

AssetImportParameters requested are different than current active one (requested -> active):
  custom:video-decoder-ogg-theora: a1e56fd34408186e4bbccfd4996cb3dc -> 
  custom:container-muxer-webm: aa71ff27fc2769a1b78a27578f13a17b -> 
  custom:container-demuxer-webm: 4f35f7cbe854078d1ac9338744f61a02 -> 
  custom:container-demuxer-ogg: 62fdf1f143b41e24485cea50d1cbac27 -> 
  custom:video-encoder-webm-vp8: eb34c28f22e8b96e1ab97ce403110664 -> 
  custom:framework-osx-AVFoundation: e770b220cccbd017edd2c1fefb359320 -> 
  custom:video-decoder-webm-vp8: 9c59270c3fd7afecdb556c50c9e8de78 -> 
  custom:audio-decoder-ogg-vorbis: bf7c407c2cedff20999df2af8eb42d56 -> 
  custom:audio-encoder-webm-vorbis: bf7c407c2cedff20999df2af8eb42d56 -> 
========================================================================
Received Prepare
Registering precompiled user dll's ...
Registered in 0.002938 seconds.
Begin MonoManager ReloadAssembly
Native extension for WindowsStandalone target not found
Native extension for OSXStandalone target not found
Native extension for WebGL target not found
Refreshing native plugins compatible for Editor in 0.56 ms, found 3 plugins.
Preloading 0 native plugins for Editor in 0.00 ms.
Mono: successfully reloaded assembly
- Completed reload, in  1.942 seconds
Platform modules already initialized, skipping
Refreshing native plugins compatible for Editor in 0.57 ms, found 3 plugins.
Preloading 0 native plugins for Editor in 0.00 ms.
Unloading 2222 Unused Serialized files (Serialized files now loaded: 0)
System memory in use before: 199.1 MB.
System memory in use after: 199.3 MB.

Unloading 19 unused Assets to reduce memory usage. Loaded Objects now: 2718.
Total: 3.442455 ms (FindLiveObjects: 0.309905 ms CreateObjectMapping: 0.097945 ms MarkObjects: 2.921825 ms  DeleteObjects: 0.111072 ms)

AssetImportParameters requested are different than current active one (requested -> active):
  custom:video-decoder-ogg-theora: a1e56fd34408186e4bbccfd4996cb3dc -> 
  custom:container-muxer-webm: aa71ff27fc2769a1b78a27578f13a17b -> 
  custom:container-demuxer-webm: 4f35f7cbe854078d1ac9338744f61a02 -> 
  custom:container-demuxer-ogg: 62fdf1f143b41e24485cea50d1cbac27 -> 
  custom:video-encoder-webm-vp8: eb34c28f22e8b96e1ab97ce403110664 -> 
  custom:framework-osx-AVFoundation: e770b220cccbd017edd2c1fefb359320 -> 
  custom:video-decoder-webm-vp8: 9c59270c3fd7afecdb556c50c9e8de78 -> 
  custom:audio-decoder-ogg-vorbis: bf7c407c2cedff20999df2af8eb42d56 -> 
  custom:audio-encoder-webm-vorbis: bf7c407c2cedff20999df2af8eb42d56 -> 
========================================================================
Received Prepare
Registering precompiled user dll's ...
Registered in 0.003919 seconds.
Begin MonoManager ReloadAssembly
Native extension for WindowsStandalone target not found
Native extension for OSXStandalone target not found
Native extension for WebGL target not found
Refreshing native plugins compatible for Editor in 0.68 ms, found 3 plugins.
Preloading 0 native plugins for Editor in 0.00 ms.
Mono: successfully reloaded assembly
- Completed reload, in  2.285 seconds
Platform modules already initialized, skipping
Refreshing native plugins compatible for Editor in 0.65 ms, found 3 plugins.
Preloading 0 native plugins for Editor in 0.00 ms.
Unloading 2222 Unused Serialized files (Serialized files now loaded: 0)
System memory in use before: 199.4 MB.
System memory in use after: 199.6 MB.

Unloading 19 unused Assets to reduce memory usage. Loaded Objects now: 2722.
Total: 2.923848 ms (FindLiveObjects: 0.347844 ms CreateObjectMapping: 0.145348 ms MarkObjects: 2.335989 ms  DeleteObjects: 0.093281 ms)

AssetImportParameters requested are different than current active one (requested -> active):
  custom:video-decoder-ogg-theora: a1e56fd34408186e4bbccfd4996cb3dc -> 
  custom:container-muxer-webm: aa71ff27fc2769a1b78a27578f13a17b -> 
  custom:container-demuxer-webm: 4f35f7cbe854078d1ac9338744f61a02 -> 
  custom:container-demuxer-ogg: 62fdf1f143b41e24485cea50d1cbac27 -> 
  custom:video-encoder-webm-vp8: eb34c28f22e8b96e1ab97ce403110664 -> 
  custom:framework-osx-AVFoundation: e770b220cccbd017edd2c1fefb359320 -> 
  custom:video-decoder-webm-vp8: 9c59270c3fd7afecdb556c50c9e8de78 -> 
  custom:audio-decoder-ogg-vorbis: bf7c407c2cedff20999df2af8eb42d56 -> 
  custom:audio-encoder-webm-vorbis: bf7c407c2cedff20999df2af8eb42d56 -> 
========================================================================
Received Prepare
Registering precompiled user dll's ...
Registered in 0.003461 seconds.
Begin MonoManager ReloadAssembly
Native extension for WindowsStandalone target not found
Native extension for OSXStandalone target not found
Native extension for WebGL target not found
Refreshing native plugins compatible for Editor in 0.98 ms, found 3 plugins.
Preloading 0 native plugins for Editor in 0.00 ms.
Mono: successfully reloaded assembly
- Completed reload, in  2.460 seconds
Platform modules already initialized, skipping
Refreshing native plugins compatible for Editor in 0.60 ms, found 3 plugins.
Preloading 0 native plugins for Editor in 0.00 ms.
Unloading 2222 Unused Serialized files (Serialized files now loaded: 0)
System memory in use before: 199.6 MB.
System memory in use after: 199.8 MB.

Unloading 19 unused Assets to reduce memory usage. Loaded Objects now: 2726.
Total: 4.278328 ms (FindLiveObjects: 0.352854 ms CreateObjectMapping: 0.159668 ms MarkObjects: 3.641234 ms  DeleteObjects: 0.122535 ms)

AssetImportParameters requested are different than current active one (requested -> active):
  custom:video-decoder-ogg-theora: a1e56fd34408186e4bbccfd4996cb3dc -> 
  custom:container-muxer-webm: aa71ff27fc2769a1b78a27578f13a17b -> 
  custom:container-demuxer-webm: 4f35f7cbe854078d1ac9338744f61a02 -> 
  custom:container-demuxer-ogg: 62fdf1f143b41e24485cea50d1cbac27 -> 
  custom:video-encoder-webm-vp8: eb34c28f22e8b96e1ab97ce403110664 -> 
  custom:framework-osx-AVFoundation: e770b220cccbd017edd2c1fefb359320 -> 
  custom:video-decoder-webm-vp8: 9c59270c3fd7afecdb556c50c9e8de78 -> 
  custom:audio-decoder-ogg-vorbis: bf7c407c2cedff20999df2af8eb42d56 -> 
  custom:audio-encoder-webm-vorbis: bf7c407c2cedff20999df2af8eb42d56 -> 
========================================================================
Received Prepare
Registering precompiled user dll's ...
Registered in 0.002910 seconds.
Begin MonoManager ReloadAssembly
Native extension for WindowsStandalone target not found
Native extension for OSXStandalone target not found
Native extension for WebGL target not found
Refreshing native plugins compatible for Editor in 0.67 ms, found 3 plugins.
Preloading 0 native plugins for Editor in 0.00 ms.
Mono: successfully reloaded assembly
- Completed reload, in  1.920 seconds
Platform modules already initialized, skipping
Refreshing native plugins compatible for Editor in 0.57 ms, found 3 plugins.
Preloading 0 native plugins for Editor in 0.00 ms.
Unloading 2222 Unused Serialized files (Serialized files now loaded: 0)
System memory in use before: 199.9 MB.
System memory in use after: 200.1 MB.

Unloading 19 unused Assets to reduce memory usage. Loaded Objects now: 2730.
Total: 3.042437 ms (FindLiveObjects: 0.475278 ms CreateObjectMapping: 0.149867 ms MarkObjects: 2.318867 ms  DeleteObjects: 0.096937 ms)

AssetImportParameters requested are different than current active one (requested -> active):
  custom:video-decoder-ogg-theora: a1e56fd34408186e4bbccfd4996cb3dc -> 
  custom:container-muxer-webm: aa71ff27fc2769a1b78a27578f13a17b -> 
  custom:container-demuxer-webm: 4f35f7cbe854078d1ac9338744f61a02 -> 
  custom:container-demuxer-ogg: 62fdf1f143b41e24485cea50d1cbac27 -> 
  custom:video-encoder-webm-vp8: eb34c28f22e8b96e1ab97ce403110664 -> 
  custom:framework-osx-AVFoundation: e770b220cccbd017edd2c1fefb359320 -> 
  custom:video-decoder-webm-vp8: 9c59270c3fd7afecdb556c50c9e8de78 -> 
  custom:audio-decoder-ogg-vorbis: bf7c407c2cedff20999df2af8eb42d56 -> 
  custom:audio-encoder-webm-vorbis: bf7c407c2cedff20999df2af8eb42d56 -> 
========================================================================
Received Prepare
Registering precompiled user dll's ...
Registered in 0.002950 seconds.
Begin MonoManager ReloadAssembly
Native extension for WindowsStandalone target not found
Native extension for OSXStandalone target not found
Native extension for WebGL target not found
Refreshing native plugins compatible for Editor in 0.57 ms, found 3 plugins.
Preloading 0 native plugins for Editor in 0.00 ms.
Mono: successfully reloaded assembly
- Completed reload, in  1.957 seconds
Platform modules already initialized, skipping
Refreshing native plugins compatible for Editor in 0.59 ms, found 3 plugins.
Preloading 0 native plugins for Editor in 0.00 ms.
Unloading 2222 Unused Serialized files (Serialized files now loaded: 0)
System memory in use before: 200.2 MB.
System memory in use after: 200.4 MB.

Unloading 19 unused Assets to reduce memory usage. Loaded Objects now: 2734.
Total: 3.192428 ms (FindLiveObjects: 0.292862 ms CreateObjectMapping: 0.098201 ms MarkObjects: 2.693395 ms  DeleteObjects: 0.106280 ms)

AssetImportParameters requested are different than current active one (requested -> active):
  custom:video-decoder-ogg-theora: a1e56fd34408186e4bbccfd4996cb3dc -> 
  custom:container-muxer-webm: aa71ff27fc2769a1b78a27578f13a17b -> 
  custom:container-demuxer-webm: 4f35f7cbe854078d1ac9338744f61a02 -> 
  custom:container-demuxer-ogg: 62fdf1f143b41e24485cea50d1cbac27 -> 
  custom:video-encoder-webm-vp8: eb34c28f22e8b96e1ab97ce403110664 -> 
  custom:framework-osx-AVFoundation: e770b220cccbd017edd2c1fefb359320 -> 
  custom:video-decoder-webm-vp8: 9c59270c3fd7afecdb556c50c9e8de78 -> 
  custom:audio-decoder-ogg-vorbis: bf7c407c2cedff20999df2af8eb42d56 -> 
  custom:audio-encoder-webm-vorbis: bf7c407c2cedff20999df2af8eb42d56 -> 
========================================================================
Received Import Request.
  Time since last request: 930.313631 seconds.
  path: Assets/Dropped.prefab
  artifactKey: Guid(083a0f6a1db044053a699efcebd7c1b9) Importer(815301076,1909f56bfc062723c751e8b465ee728b)
Start importing Assets/Dropped.prefab using Guid(083a0f6a1db044053a699efcebd7c1b9) Importer(815301076,1909f56bfc062723c751e8b465ee728b)  -> (artifact id: '0760c0c06f971e00bcbf22957faf6508') in 0.127126 seconds 
  Import took 0.134343 seconds .

========================================================================
Received Prepare
Registering precompiled user dll's ...
Registered in 0.003482 seconds.
Begin MonoManager ReloadAssembly
Native extension for WindowsStandalone target not found
Native extension for OSXStandalone target not found
Native extension for WebGL target not found
Refreshing native plugins compatible for Editor in 0.82 ms, found 3 plugins.
Preloading 0 native plugins for Editor in 0.00 ms.
Mono: successfully reloaded assembly
- Completed reload, in  2.501 seconds
Platform modules already initialized, skipping
Refreshing native plugins compatible for Editor in 1.83 ms, found 3 plugins.
Preloading 0 native plugins for Editor in 0.00 ms.
Unloading 2222 Unused Serialized files (Serialized files now loaded: 0)
System memory in use before: 200.5 MB.
System memory in use after: 200.6 MB.

Unloading 19 unused Assets to reduce memory usage. Loaded Objects now: 2739.
Total: 10.915207 ms (FindLiveObjects: 2.429794 ms CreateObjectMapping: 0.711754 ms MarkObjects: 7.447611 ms  DeleteObjects: 0.318930 ms)

AssetImportParameters requested are different than current active one (requested -> active):
  custom:video-decoder-ogg-theora: a1e56fd34408186e4bbccfd4996cb3dc -> 
  custom:container-muxer-webm: aa71ff27fc2769a1b78a27578f13a17b -> 
  custom:container-demuxer-webm: 4f35f7cbe854078d1ac9338744f61a02 -> 
  custom:container-demuxer-ogg: 62fdf1f143b41e24485cea50d1cbac27 -> 
  custom:video-encoder-webm-vp8: eb34c28f22e8b96e1ab97ce403110664 -> 
  custom:framework-osx-AVFoundation: e770b220cccbd017edd2c1fefb359320 -> 
  custom:video-decoder-webm-vp8: 9c59270c3fd7afecdb556c50c9e8de78 -> 
  custom:audio-decoder-ogg-vorbis: bf7c407c2cedff20999df2af8eb42d56 -> 
  custom:audio-encoder-webm-vorbis: bf7c407c2cedff20999df2af8eb42d56 -> 
========================================================================
Received Import Request.
  Time since last request: 120.736057 seconds.
  path: Assets/Dropped.prefab
  artifactKey: Guid(083a0f6a1db044053a699efcebd7c1b9) Importer(815301076,1909f56bfc062723c751e8b465ee728b)
Start importing Assets/Dropped.prefab using Guid(083a0f6a1db044053a699efcebd7c1b9) Importer(815301076,1909f56bfc062723c751e8b465ee728b)  -> (artifact id: 'a6523cffbb33ee8dcef445d97cc9cb7c') in 0.095275 seconds 
  Import took 0.100822 seconds .

========================================================================
Received Import Request.
  Time since last request: 0.071628 seconds.
  path: Assets/Dropped.prefab
  artifactKey: Guid(083a0f6a1db044053a699efcebd7c1b9) Importer(815301076,1909f56bfc062723c751e8b465ee728b)
Start importing Assets/Dropped.prefab using Guid(083a0f6a1db044053a699efcebd7c1b9) Importer(815301076,1909f56bfc062723c751e8b465ee728b)  -> (artifact id: 'a6523cffbb33ee8dcef445d97cc9cb7c') in 0.016460 seconds 
  Import took 0.022330 seconds .

========================================================================
Received Prepare
Registering precompiled user dll's ...
Registered in 0.003179 seconds.
Begin MonoManager ReloadAssembly
Native extension for WindowsStandalone target not found
Native extension for OSXStandalone target not found
Native extension for WebGL target not found
Refreshing native plugins compatible for Editor in 0.57 ms, found 3 plugins.
Preloading 0 native plugins for Editor in 0.00 ms.
Mono: successfully reloaded assembly
- Completed reload, in  1.723 seconds
Platform modules already initialized, skipping
Refreshing native plugins compatible for Editor in 0.57 ms, found 3 plugins.
Preloading 0 native plugins for Editor in 0.00 ms.
Unloading 2222 Unused Serialized files (Serialized files now loaded: 0)
System memory in use before: 200.8 MB.
System memory in use after: 201.0 MB.

Unloading 19 unused Assets to reduce memory usage. Loaded Objects now: 2744.
Total: 3.074899 ms (FindLiveObjects: 0.262017 ms CreateObjectMapping: 0.097173 ms MarkObjects: 2.614131 ms  DeleteObjects: 0.099779 ms)

AssetImportParameters requested are different than current active one (requested -> active):
  custom:video-decoder-ogg-theora: a1e56fd34408186e4bbccfd4996cb3dc -> 
  custom:container-muxer-webm: aa71ff27fc2769a1b78a27578f13a17b -> 
  custom:container-demuxer-webm: 4f35f7cbe854078d1ac9338744f61a02 -> 
  custom:container-demuxer-ogg: 62fdf1f143b41e24485cea50d1cbac27 -> 
  custom:video-encoder-webm-vp8: eb34c28f22e8b96e1ab97ce403110664 -> 
  custom:framework-osx-AVFoundation: e770b220cccbd017edd2c1fefb359320 -> 
  custom:video-decoder-webm-vp8: 9c59270c3fd7afecdb556c50c9e8de78 -> 
  custom:audio-decoder-ogg-vorbis: bf7c407c2cedff20999df2af8eb42d56 -> 
  custom:audio-encoder-webm-vorbis: bf7c407c2cedff20999df2af8eb42d56 -> 
========================================================================
Received Prepare
Registering precompiled user dll's ...
Registered in 0.003117 seconds.
Begin MonoManager ReloadAssembly
Native extension for WindowsStandalone target not found
Native extension for OSXStandalone target not found
Native extension for WebGL target not found
Refreshing native plugins compatible for Editor in 0.59 ms, found 3 plugins.
Preloading 0 native plugins for Editor in 0.00 ms.
Mono: successfully reloaded assembly
- Completed reload, in  1.913 seconds
Platform modules already initialized, skipping
Refreshing native plugins compatible for Editor in 0.61 ms, found 3 plugins.
Preloading 0 native plugins for Editor in 0.00 ms.
Unloading 2222 Unused Serialized files (Serialized files now loaded: 0)
System memory in use before: 201.0 MB.
System memory in use after: 201.2 MB.

Unloading 19 unused Assets to reduce memory usage. Loaded Objects now: 2748.
Total: 3.095611 ms (FindLiveObjects: 0.290388 ms CreateObjectMapping: 0.111684 ms MarkObjects: 2.588329 ms  DeleteObjects: 0.103290 ms)

AssetImportParameters requested are different than current active one (requested -> active):
  custom:video-decoder-ogg-theora: a1e56fd34408186e4bbccfd4996cb3dc -> 
  custom:container-muxer-webm: aa71ff27fc2769a1b78a27578f13a17b -> 
  custom:container-demuxer-webm: 4f35f7cbe854078d1ac9338744f61a02 -> 
  custom:container-demuxer-ogg: 62fdf1f143b41e24485cea50d1cbac27 -> 
  custom:video-encoder-webm-vp8: eb34c28f22e8b96e1ab97ce403110664 -> 
  custom:framework-osx-AVFoundation: e770b220cccbd017edd2c1fefb359320 -> 
  custom:video-decoder-webm-vp8: 9c59270c3fd7afecdb556c50c9e8de78 -> 
  custom:audio-decoder-ogg-vorbis: bf7c407c2cedff20999df2af8eb42d56 -> 
  custom:audio-encoder-webm-vorbis: bf7c407c2cedff20999df2af8eb42d56 -> 
========================================================================
Received Prepare
Registering precompiled user dll's ...
Registered in 0.029014 seconds.
Begin MonoManager ReloadAssembly
Native extension for WindowsStandalone target not found
Native extension for OSXStandalone target not found
Native extension for WebGL target not found
Refreshing native plugins compatible for Editor in 1.10 ms, found 3 plugins.
Preloading 0 native plugins for Editor in 0.00 ms.
Mono: successfully reloaded assembly
- Completed reload, in  1.911 seconds
Platform modules already initialized, skipping
Refreshing native plugins compatible for Editor in 0.61 ms, found 3 plugins.
Preloading 0 native plugins for Editor in 0.00 ms.
Unloading 2222 Unused Serialized files (Serialized files now loaded: 0)
System memory in use before: 201.3 MB.
System memory in use after: 201.5 MB.

Unloading 19 unused Assets to reduce memory usage. Loaded Objects now: 2752.
Total: 3.314103 ms (FindLiveObjects: 0.373723 ms CreateObjectMapping: 0.127360 ms MarkObjects: 2.709736 ms  DeleteObjects: 0.101566 ms)

AssetImportParameters requested are different than current active one (requested -> active):
  custom:video-decoder-ogg-theora: a1e56fd34408186e4bbccfd4996cb3dc -> 
  custom:container-muxer-webm: aa71ff27fc2769a1b78a27578f13a17b -> 
  custom:container-demuxer-webm: 4f35f7cbe854078d1ac9338744f61a02 -> 
  custom:container-demuxer-ogg: 62fdf1f143b41e24485cea50d1cbac27 -> 
  custom:video-encoder-webm-vp8: eb34c28f22e8b96e1ab97ce403110664 -> 
  custom:framework-osx-AVFoundation: e770b220cccbd017edd2c1fefb359320 -> 
  custom:video-decoder-webm-vp8: 9c59270c3fd7afecdb556c50c9e8de78 -> 
  custom:audio-decoder-ogg-vorbis: bf7c407c2cedff20999df2af8eb42d56 -> 
  custom:audio-encoder-webm-vorbis: bf7c407c2cedff20999df2af8eb42d56 -> 
========================================================================
Received Prepare
Registering precompiled user dll's ...
Registered in 0.002951 seconds.
Begin MonoManager ReloadAssembly
Native extension for WindowsStandalone target not found
Native extension for OSXStandalone target not found
Native extension for WebGL target not found
Refreshing native plugins compatible for Editor in 0.56 ms, found 3 plugins.
Preloading 0 native plugins for Editor in 0.00 ms.
Mono: successfully reloaded assembly
- Completed reload, in  1.778 seconds
Platform modules already initialized, skipping
Refreshing native plugins compatible for Editor in 0.59 ms, found 3 plugins.
Preloading 0 native plugins for Editor in 0.00 ms.
Unloading 2222 Unused Serialized files (Serialized files now loaded: 0)
System memory in use before: 201.5 MB.
System memory in use after: 201.7 MB.

Unloading 19 unused Assets to reduce memory usage. Loaded Objects now: 2756.
Total: 2.894084 ms (FindLiveObjects: 0.294027 ms CreateObjectMapping: 0.097453 ms MarkObjects: 2.406106 ms  DeleteObjects: 0.095071 ms)

AssetImportParameters requested are different than current active one (requested -> active):
  custom:video-decoder-ogg-theora: a1e56fd34408186e4bbccfd4996cb3dc -> 
  custom:container-muxer-webm: aa71ff27fc2769a1b78a27578f13a17b -> 
  custom:container-demuxer-webm: 4f35f7cbe854078d1ac9338744f61a02 -> 
  custom:container-demuxer-ogg: 62fdf1f143b41e24485cea50d1cbac27 -> 
  custom:video-encoder-webm-vp8: eb34c28f22e8b96e1ab97ce403110664 -> 
  custom:framework-osx-AVFoundation: e770b220cccbd017edd2c1fefb359320 -> 
  custom:video-decoder-webm-vp8: 9c59270c3fd7afecdb556c50c9e8de78 -> 
  custom:audio-decoder-ogg-vorbis: bf7c407c2cedff20999df2af8eb42d56 -> 
  custom:audio-encoder-webm-vorbis: bf7c407c2cedff20999df2af8eb42d56 -> 
