Using pre-set license
Built from '2020.3/staging' branch; Version is '2020.3.13f1 (71691879b7f5) revision 7432472'; Using compiler version '192528614'; Build Type 'Release'
OS: 'Windows 10 Home; OS build 19043.1889; Version 2009; 64bit' Language: 'en' Physical Memory: 8071 MB
BatchMode: 1, IsHumanControllingUs: 0, StartBugReporterOnCrash: 0, Is64bit: 1, IsPro: 0

 COMMAND LINE ARGUMENTS:
C:\Program Files\Unity\Hub\Editor\2020.3.13f1\Editor\Unity.exe
-adb2
-batchMode
-noUpm
-name
AssetImportWorker2
-projectPath
C:/Users/halde_000.SUBHASHIS-PC/Documents/GitHub/Unity3TBDungeonGame/3TB_Dungeon_Game
-logFile
Logs/AssetImportWorker2.log
-srvPort
50958
Successfully changed project path to: C:/Users/halde_000.SUBHASHIS-PC/Documents/GitHub/Unity3TBDungeonGame/3TB_Dungeon_Game
C:/Users/halde_000.SUBHASHIS-PC/Documents/GitHub/Unity3TBDungeonGame/3TB_Dungeon_Game
Using Asset Import Pipeline V2.
Refreshing native plugins compatible for Editor in 281.93 ms, found 3 plugins.
Preloading 0 native plugins for Editor in 0.00 ms.
Initialize engine version: 2020.3.13f1 (71691879b7f5)
[Subsystems] Discovering subsystems at path C:/Program Files/Unity/Hub/Editor/2020.3.13f1/Editor/Data/Resources/UnitySubsystems
[Subsystems] Discovering subsystems at path C:/Users/halde_000.SUBHASHIS-PC/Documents/GitHub/Unity3TBDungeonGame/3TB_Dungeon_Game/Assets
GfxDevice: creating device client; threaded=0
Direct3D:
    Version:  Direct3D 11.0 [level 11.0]
    Renderer: NVIDIA GeForce GT 630M (ID=0x1140)
    Vendor:   
    VRAM:     978 MB
    Driver:   21.21.13.6909
Initialize mono
Mono path[0] = 'C:/Program Files/Unity/Hub/Editor/2020.3.13f1/Editor/Data/Managed'
Mono path[1] = 'C:/Program Files/Unity/Hub/Editor/2020.3.13f1/Editor/Data/MonoBleedingEdge/lib/mono/unityjit'
Mono config path = 'C:/Program Files/Unity/Hub/Editor/2020.3.13f1/Editor/Data/MonoBleedingEdge/etc'
Using monoOptions --debugger-agent=transport=dt_socket,embedding=1,server=y,suspend=n,address=127.0.0.1:56320
Begin MonoManager ReloadAssembly
Registering precompiled unity dll's ...
Register platform support module: C:/Program Files/Unity/Hub/Editor/2020.3.13f1/Editor/Data/PlaybackEngines/WebGLSupport/UnityEditor.WebGL.Extensions.dll
Register platform support module: C:/Program Files/Unity/Hub/Editor/2020.3.13f1/Editor/Data/PlaybackEngines/WindowsStandaloneSupport/UnityEditor.WindowsStandalone.Extensions.dll
Registered in 0.017262 seconds.
Native extension for WindowsStandalone target not found
Native extension for WebGL target not found
Refreshing native plugins compatible for Editor in 307.29 ms, found 3 plugins.
Preloading 0 native plugins for Editor in 0.00 ms.
Mono: successfully reloaded assembly
- Completed reload, in  8.436 seconds
Platform modules already initialized, skipping
Registering precompiled user dll's ...
Registered in 0.052559 seconds.
Begin MonoManager ReloadAssembly
Native extension for WindowsStandalone target not found
Native extension for WebGL target not found
Refreshing native plugins compatible for Editor in 395.49 ms, found 3 plugins.
Preloading 0 native plugins for Editor in 0.00 ms.
Mono: successfully reloaded assembly
- Completed reload, in  7.346 seconds
Platform modules already initialized, skipping
========================================================================
Worker process is ready to serve import requests
Launched and connected shader compiler UnityShaderCompiler.exe after 1.08 seconds
Refreshing native plugins compatible for Editor in 1.62 ms, found 3 plugins.
Preloading 0 native plugins for Editor in 0.00 ms.
Unloading 2242 Unused Serialized files (Serialized files now loaded: 0)
System memory in use before: 102.0 MB.
System memory in use after: 102.1 MB.

Unloading 31 unused Assets to reduce memory usage. Loaded Objects now: 2690.
Total: 9.037700 ms (FindLiveObjects: 0.469700 ms CreateObjectMapping: 0.283100 ms MarkObjects: 7.937700 ms  DeleteObjects: 0.344300 ms)

AssetImportParameters requested are different than current active one (requested -> active):
  custom:framework-win-MediaFoundation: 216162199b28c13a410421893ffa2e32 -> 
  custom:video-decoder-ogg-theora: a1e56fd34408186e4bbccfd4996cb3dc -> 
  custom:container-muxer-webm: aa71ff27fc2769a1b78a27578f13a17b -> 
  custom:container-demuxer-webm: 4f35f7cbe854078d1ac9338744f61a02 -> 
  custom:container-demuxer-ogg: 62fdf1f143b41e24485cea50d1cbac27 -> 
  custom:video-encoder-webm-vp8: eb34c28f22e8b96e1ab97ce403110664 -> 
  custom:video-decoder-webm-vp8: 9c59270c3fd7afecdb556c50c9e8de78 -> 
  custom:audio-decoder-ogg-vorbis: bf7c407c2cedff20999df2af8eb42d56 -> 
  custom:audio-encoder-webm-vorbis: bf7c407c2cedff20999df2af8eb42d56 -> 
========================================================================
Received Import Request.
  path: Assets/UI Screens/Video Screen.prefab
  artifactKey: Guid(e686f693b8793ef40867599899b4880e) Importer(815301076,1909f56bfc062723c751e8b465ee728b)
Start importing Assets/UI Screens/Video Screen.prefab using Guid(e686f693b8793ef40867599899b4880e) Importer(815301076,1909f56bfc062723c751e8b465ee728b)  -> (artifact id: 'e1cecab326536695e77785e9b56d7eac') in 0.274147 seconds 
  Import took 0.292657 seconds .

========================================================================
Received Import Request.
  Time since last request: 0.358517 seconds.
  path: Assets/UI Screens/Video Screen.prefab
  artifactKey: Guid(e686f693b8793ef40867599899b4880e) Importer(815301076,1909f56bfc062723c751e8b465ee728b)
Start importing Assets/UI Screens/Video Screen.prefab using Guid(e686f693b8793ef40867599899b4880e) Importer(815301076,1909f56bfc062723c751e8b465ee728b)  -> (artifact id: '5400a8e16e44374270a70ae64a1e759c') in 0.018283 seconds 
  Import took 0.122073 seconds .

========================================================================
Received Import Request.
  Time since last request: 25.418119 seconds.
  path: Assets/UI Screens/Video Screen.prefab
  artifactKey: Guid(e686f693b8793ef40867599899b4880e) Importer(815301076,1909f56bfc062723c751e8b465ee728b)
Start importing Assets/UI Screens/Video Screen.prefab using Guid(e686f693b8793ef40867599899b4880e) Importer(815301076,1909f56bfc062723c751e8b465ee728b)  -> (artifact id: '68542919324e2504c53379dfe27f39a7') in 0.050652 seconds 
  Import took 0.077078 seconds .

========================================================================
Received Import Request.
  Time since last request: 2.172597 seconds.
  path: Assets/UI Screens/Video Screen.prefab
  artifactKey: Guid(e686f693b8793ef40867599899b4880e) Importer(815301076,1909f56bfc062723c751e8b465ee728b)
Start importing Assets/UI Screens/Video Screen.prefab using Guid(e686f693b8793ef40867599899b4880e) Importer(815301076,1909f56bfc062723c751e8b465ee728b)  -> (artifact id: '70cc3a1565dcd103d04656c8dfc6cc8c') in 0.044619 seconds 
  Import took 0.075244 seconds .

========================================================================
Received Import Request.
  Time since last request: 107.448624 seconds.
  path: Assets/Resources/UI Buttons
  artifactKey: Guid(1efa6c0965a0cc548a5d7bb6f97193f7) Importer(815301076,1909f56bfc062723c751e8b465ee728b)
Start importing Assets/Resources/UI Buttons using Guid(1efa6c0965a0cc548a5d7bb6f97193f7) Importer(815301076,1909f56bfc062723c751e8b465ee728b)  -> (artifact id: 'fb111193b01fdd2a26a35ac3c313b325') in 0.032484 seconds 
  Import took 0.070536 seconds .

========================================================================
Received Import Request.
  Time since last request: 65.720558 seconds.
  path: Assets/Resources/UI Buttons/Catalog.png
  artifactKey: Guid(e0c3e886f65c94b41bb3dbaca21db88f) Importer(815301076,1909f56bfc062723c751e8b465ee728b)
Start importing Assets/Resources/UI Buttons/Catalog.png using Guid(e0c3e886f65c94b41bb3dbaca21db88f) Importer(815301076,1909f56bfc062723c751e8b465ee728b)  -> (artifact id: '5d72ed89435fc76941600ff0850eee58') in 0.219679 seconds 
  Import took 0.228486 seconds .

========================================================================
Received Import Request.
  Time since last request: 0.000383 seconds.
  path: Assets/Resources/UI Buttons/Resume.png
  artifactKey: Guid(6ca0ca94ffae6dd409ab7ec4936fb35e) Importer(815301076,1909f56bfc062723c751e8b465ee728b)
Start importing Assets/Resources/UI Buttons/Resume.png using Guid(6ca0ca94ffae6dd409ab7ec4936fb35e) Importer(815301076,1909f56bfc062723c751e8b465ee728b)  -> (artifact id: '80cf7b0bc32373f7fb2e68317f9e9a97') in 0.015252 seconds 
  Import took 0.022008 seconds .

========================================================================
Received Import Request.
  Time since last request: 44.835372 seconds.
  path: Assets/UI Screens/In-Game HUD.prefab
  artifactKey: Guid(cf43c9d5e53e2ce418df6e8c08fbefe2) Importer(815301076,1909f56bfc062723c751e8b465ee728b)
Start importing Assets/UI Screens/In-Game HUD.prefab using Guid(cf43c9d5e53e2ce418df6e8c08fbefe2) Importer(815301076,1909f56bfc062723c751e8b465ee728b)  -> (artifact id: '345efe2cd2924bad69c04622a45a38f0') in 0.031984 seconds 
  Import took 0.040492 seconds .

========================================================================
Received Import Request.
  Time since last request: 7.908029 seconds.
  path: Assets/UI Screens/In-Game HUD.prefab
  artifactKey: Guid(cf43c9d5e53e2ce418df6e8c08fbefe2) Importer(815301076,1909f56bfc062723c751e8b465ee728b)
Start importing Assets/UI Screens/In-Game HUD.prefab using Guid(cf43c9d5e53e2ce418df6e8c08fbefe2) Importer(815301076,1909f56bfc062723c751e8b465ee728b)  -> (artifact id: '18466f00991080a91e227e7c152b5bf0') in 0.014691 seconds 
  Import took 0.025325 seconds .

========================================================================
Received Import Request.
  Time since last request: 218.799857 seconds.
  path: Assets/Resources/UI Buttons/Catalog 1.png
  artifactKey: Guid(ad791452126642b4296dd489106952ba) Importer(815301076,1909f56bfc062723c751e8b465ee728b)
Start importing Assets/Resources/UI Buttons/Catalog 1.png using Guid(ad791452126642b4296dd489106952ba) Importer(815301076,1909f56bfc062723c751e8b465ee728b)  -> (artifact id: 'dbd03695c7f4d74ae50fe6222c12f7bb') in 0.030929 seconds 
  Import took 0.043266 seconds .

========================================================================
Received Import Request.
  Time since last request: 0.003480 seconds.
  path: Assets/Resources/UI Buttons/Close.png
  artifactKey: Guid(be0136d4b4ccd6b4c99a90ac63200aef) Importer(815301076,1909f56bfc062723c751e8b465ee728b)
Start importing Assets/Resources/UI Buttons/Close.png using Guid(be0136d4b4ccd6b4c99a90ac63200aef) Importer(815301076,1909f56bfc062723c751e8b465ee728b)  -> (artifact id: '5127969ced00709a58aefcb637a8d7dd') in 0.023946 seconds 
  Import took 0.035778 seconds .

========================================================================
Received Import Request.
  Time since last request: 0.000513 seconds.
  path: Assets/Resources/UI Buttons/Quit.png
  artifactKey: Guid(bd63d638f34a7424dbe2ec08764151b4) Importer(815301076,1909f56bfc062723c751e8b465ee728b)
Start importing Assets/Resources/UI Buttons/Quit.png using Guid(bd63d638f34a7424dbe2ec08764151b4) Importer(815301076,1909f56bfc062723c751e8b465ee728b)  -> (artifact id: 'cb751343bb9b914f6d516b51f41c6444') in 0.028061 seconds 
  Import took 0.038347 seconds .

========================================================================
Received Import Request.
  Time since last request: 0.000444 seconds.
  path: Assets/Resources/UI Buttons/Pause.png
  artifactKey: Guid(51668c94dea86694fa2ff195034aa0f1) Importer(815301076,1909f56bfc062723c751e8b465ee728b)
Start importing Assets/Resources/UI Buttons/Pause.png using Guid(51668c94dea86694fa2ff195034aa0f1) Importer(815301076,1909f56bfc062723c751e8b465ee728b)  -> (artifact id: '64b956ea0a9b739cc90795cf7a84a333') in 0.025950 seconds 
  Import took 0.041296 seconds .

========================================================================
Received Import Request.
  Time since last request: 0.000423 seconds.
  path: Assets/Resources/UI Buttons/Continue.png
  artifactKey: Guid(a19499e2d4f522247a0450cb72bda4f4) Importer(815301076,1909f56bfc062723c751e8b465ee728b)
Start importing Assets/Resources/UI Buttons/Continue.png using Guid(a19499e2d4f522247a0450cb72bda4f4) Importer(815301076,1909f56bfc062723c751e8b465ee728b)  -> (artifact id: '6c439d98eb8db90fc348e844e6007ea3') in 0.030868 seconds 
  Import took 0.043595 seconds .

========================================================================
Received Import Request.
  Time since last request: 0.000674 seconds.
  path: Assets/Resources/UI Buttons/Resume 1.png
  artifactKey: Guid(5053dd5145bcc134382e29d6daefc41c) Importer(815301076,1909f56bfc062723c751e8b465ee728b)
Start importing Assets/Resources/UI Buttons/Resume 1.png using Guid(5053dd5145bcc134382e29d6daefc41c) Importer(815301076,1909f56bfc062723c751e8b465ee728b)  -> (artifact id: '7b64ce6ac998ba89e02e6a411b65a108') in 0.025171 seconds 
  Import took 0.036982 seconds .

========================================================================
Received Import Request.
  Time since last request: 110.828070 seconds.
  path: Assets/UI Screens/In-Game HUD.prefab
  artifactKey: Guid(cf43c9d5e53e2ce418df6e8c08fbefe2) Importer(815301076,1909f56bfc062723c751e8b465ee728b)
Start importing Assets/UI Screens/In-Game HUD.prefab using Guid(cf43c9d5e53e2ce418df6e8c08fbefe2) Importer(815301076,1909f56bfc062723c751e8b465ee728b)  -> (artifact id: 'f244283c1fdee69ee6a8cb14a9041fc7') in 0.013243 seconds 
  Import took 0.022632 seconds .

========================================================================
Received Import Request.
  Time since last request: 11.034174 seconds.
  path: Assets/UI Screens/Info Screen.prefab
  artifactKey: Guid(d5f95e7d739affb4396c6b6d7d77e361) Importer(815301076,1909f56bfc062723c751e8b465ee728b)
Start importing Assets/UI Screens/Info Screen.prefab using Guid(d5f95e7d739affb4396c6b6d7d77e361) Importer(815301076,1909f56bfc062723c751e8b465ee728b)  -> (artifact id: 'bba5ae1eb4b789c80166693f2e767348') in 0.112807 seconds 
  Import took 0.122674 seconds .

========================================================================
Received Import Request.
  Time since last request: 55.113941 seconds.
  path: Assets/UI Screens/Canvas.prefab
  artifactKey: Guid(6f69131947396a84682749f849f47b06) Importer(815301076,1909f56bfc062723c751e8b465ee728b)
Start importing Assets/UI Screens/Canvas.prefab using Guid(6f69131947396a84682749f849f47b06) Importer(815301076,1909f56bfc062723c751e8b465ee728b)  -> (artifact id: '9a9ace84912f3d714638ad7bc045fa98') in 0.023360 seconds 
  Import took 0.032202 seconds .

========================================================================
Received Import Request.
  Time since last request: 0.000379 seconds.
  path: Assets/UI Screens/Pause Screen.prefab
  artifactKey: Guid(292f21245b57cca49836a9d786821984) Importer(815301076,1909f56bfc062723c751e8b465ee728b)
Start importing Assets/UI Screens/Pause Screen.prefab using Guid(292f21245b57cca49836a9d786821984) Importer(815301076,1909f56bfc062723c751e8b465ee728b)  -> (artifact id: 'fcf93117f0836d7a1b2abe6221c26420') in 0.011832 seconds 
  Import took 0.020008 seconds .

========================================================================
Received Import Request.
  Time since last request: 10.096375 seconds.
  path: Assets/UI Screens/Canvas.prefab
  artifactKey: Guid(6f69131947396a84682749f849f47b06) Importer(815301076,1909f56bfc062723c751e8b465ee728b)
Start importing Assets/UI Screens/Canvas.prefab using Guid(6f69131947396a84682749f849f47b06) Importer(815301076,1909f56bfc062723c751e8b465ee728b)  -> (artifact id: 'eea779de1be84f9d13f6ee4ac4c5a625') in 0.016804 seconds 
  Import took 0.024369 seconds .

========================================================================
Received Import Request.
  Time since last request: 0.000486 seconds.
  path: Assets/UI Screens/Pause Screen.prefab
  artifactKey: Guid(292f21245b57cca49836a9d786821984) Importer(815301076,1909f56bfc062723c751e8b465ee728b)
Start importing Assets/UI Screens/Pause Screen.prefab using Guid(292f21245b57cca49836a9d786821984) Importer(815301076,1909f56bfc062723c751e8b465ee728b)  -> (artifact id: 'bba0d5b38fb6e4e456bc7a157ef30d90') in 0.011877 seconds 
  Import took 0.019527 seconds .

========================================================================
Received Import Request.
  Time since last request: 137.326149 seconds.
  path: Assets/UI Screens/Enemy Info Screen.prefab
  artifactKey: Guid(3f92b05ff66e79d448e7428afcdd0f83) Importer(815301076,1909f56bfc062723c751e8b465ee728b)
Start importing Assets/UI Screens/Enemy Info Screen.prefab using Guid(3f92b05ff66e79d448e7428afcdd0f83) Importer(815301076,1909f56bfc062723c751e8b465ee728b)  -> (artifact id: '8d06c965e7bde13e0ac57c470ef8d913') in 0.080835 seconds 
  Import took 0.100061 seconds .

========================================================================
Received Import Request.
  Time since last request: 1.711587 seconds.
  path: Assets/Resources/Enemy Prefabs/Projectiles & Objects/DJ Projectile.png
  artifactKey: Guid(9f5369d594a42ca4f87f1f6470217dac) Importer(815301076,1909f56bfc062723c751e8b465ee728b)
Start importing Assets/Resources/Enemy Prefabs/Projectiles & Objects/DJ Projectile.png using Guid(9f5369d594a42ca4f87f1f6470217dac) Importer(815301076,1909f56bfc062723c751e8b465ee728b)  -> (artifact id: '9211d06793f8b6fc7cb53059903c6379') in 0.037700 seconds 
  Import took 0.050070 seconds .

========================================================================
Received Import Request.
  Time since last request: 0.026659 seconds.
  path: Assets/Resources/Enemy Prefabs/Projectiles & Objects/DJ Projectile.png
  artifactKey: Guid(9f5369d594a42ca4f87f1f6470217dac) Importer(815301076,1909f56bfc062723c751e8b465ee728b)
Start importing Assets/Resources/Enemy Prefabs/Projectiles & Objects/DJ Projectile.png using Guid(9f5369d594a42ca4f87f1f6470217dac) Importer(815301076,1909f56bfc062723c751e8b465ee728b)  -> (artifact id: '9211d06793f8b6fc7cb53059903c6379') in 0.026358 seconds 
  Import took 0.038761 seconds .

========================================================================
Received Import Request.
  Time since last request: 2.659163 seconds.
  path: Assets/UI Screens/Enemy Info Screen.prefab
  artifactKey: Guid(3f92b05ff66e79d448e7428afcdd0f83) Importer(815301076,1909f56bfc062723c751e8b465ee728b)
Start importing Assets/UI Screens/Enemy Info Screen.prefab using Guid(3f92b05ff66e79d448e7428afcdd0f83) Importer(815301076,1909f56bfc062723c751e8b465ee728b)  -> (artifact id: '77560f5d17b6557a73b85f4c0cbc32b7') in 0.070679 seconds 
  Import took 0.084935 seconds .

========================================================================
Received Import Request.
  Time since last request: 63.213628 seconds.
  path: Assets/UI Screens/Enemy Info Screen.prefab
  artifactKey: Guid(3f92b05ff66e79d448e7428afcdd0f83) Importer(815301076,1909f56bfc062723c751e8b465ee728b)
Start importing Assets/UI Screens/Enemy Info Screen.prefab using Guid(3f92b05ff66e79d448e7428afcdd0f83) Importer(815301076,1909f56bfc062723c751e8b465ee728b)  -> (artifact id: '1578794faf1586853670f24a289f16b3') in 0.074989 seconds 
  Import took 0.090994 seconds .

========================================================================
Received Import Request.
  Time since last request: 25.311460 seconds.
  path: Assets/UI Screens/Enemy Info Screen.prefab
  artifactKey: Guid(3f92b05ff66e79d448e7428afcdd0f83) Importer(815301076,1909f56bfc062723c751e8b465ee728b)
Start importing Assets/UI Screens/Enemy Info Screen.prefab using Guid(3f92b05ff66e79d448e7428afcdd0f83) Importer(815301076,1909f56bfc062723c751e8b465ee728b)  -> (artifact id: '9c2ede18addd596d0686614fabda8a53') in 0.069417 seconds 
  Import took 0.084328 seconds .

========================================================================
Received Import Request.
  Time since last request: 118.071862 seconds.
  path: Assets/Resources/UI Buttons/Start.png
  artifactKey: Guid(095d1a3008cd02e4f82fd691905568f2) Importer(815301076,1909f56bfc062723c751e8b465ee728b)
Start importing Assets/Resources/UI Buttons/Start.png using Guid(095d1a3008cd02e4f82fd691905568f2) Importer(815301076,1909f56bfc062723c751e8b465ee728b)  -> (artifact id: '4ed00f5bc2852126f125febf62a21c25') in 0.038408 seconds 
  Import took 0.057277 seconds .

========================================================================
Received Import Request.
  Time since last request: 12.452954 seconds.
  path: Assets/UI Screens/Game Screen.prefab
  artifactKey: Guid(69d694b5903e96a4187ee844db2bcbb9) Importer(815301076,1909f56bfc062723c751e8b465ee728b)
Start importing Assets/UI Screens/Game Screen.prefab using Guid(69d694b5903e96a4187ee844db2bcbb9) Importer(815301076,1909f56bfc062723c751e8b465ee728b)  -> (artifact id: '3e166dc85bf69a2dcd0a2b81f6a7b2d3') in 0.018061 seconds 
  Import took 0.029597 seconds .

========================================================================
Received Prepare
Registering precompiled user dll's ...
Registered in 0.019396 seconds.
Begin MonoManager ReloadAssembly
Native extension for WindowsStandalone target not found
Native extension for WebGL target not found
Refreshing native plugins compatible for Editor in 0.79 ms, found 3 plugins.
Preloading 0 native plugins for Editor in 0.00 ms.
Mono: successfully reloaded assembly
- Completed reload, in  2.114 seconds
Platform modules already initialized, skipping
Refreshing native plugins compatible for Editor in 0.82 ms, found 3 plugins.
Preloading 0 native plugins for Editor in 0.00 ms.
Unloading 2230 Unused Serialized files (Serialized files now loaded: 0)
System memory in use before: 104.5 MB.
System memory in use after: 104.5 MB.

Unloading 19 unused Assets to reduce memory usage. Loaded Objects now: 2704.
Total: 3.763100 ms (FindLiveObjects: 0.353000 ms CreateObjectMapping: 0.233000 ms MarkObjects: 3.064100 ms  DeleteObjects: 0.111100 ms)

AssetImportParameters requested are different than current active one (requested -> active):
  custom:framework-win-MediaFoundation: 216162199b28c13a410421893ffa2e32 -> 
  custom:video-decoder-ogg-theora: a1e56fd34408186e4bbccfd4996cb3dc -> 
  custom:container-muxer-webm: aa71ff27fc2769a1b78a27578f13a17b -> 
  custom:container-demuxer-webm: 4f35f7cbe854078d1ac9338744f61a02 -> 
  custom:container-demuxer-ogg: 62fdf1f143b41e24485cea50d1cbac27 -> 
  custom:video-encoder-webm-vp8: eb34c28f22e8b96e1ab97ce403110664 -> 
  custom:video-decoder-webm-vp8: 9c59270c3fd7afecdb556c50c9e8de78 -> 
  custom:audio-decoder-ogg-vorbis: bf7c407c2cedff20999df2af8eb42d56 -> 
  custom:audio-encoder-webm-vorbis: bf7c407c2cedff20999df2af8eb42d56 -> 
========================================================================
Received Import Request.
  Time since last request: 244.860472 seconds.
  path: Assets/UI Screens/Enemy Info Screen.prefab
  artifactKey: Guid(3f92b05ff66e79d448e7428afcdd0f83) Importer(815301076,1909f56bfc062723c751e8b465ee728b)
Start importing Assets/UI Screens/Enemy Info Screen.prefab using Guid(3f92b05ff66e79d448e7428afcdd0f83) Importer(815301076,1909f56bfc062723c751e8b465ee728b)  -> (artifact id: '1572679382e984d410fe39d051f7367f') in 0.112122 seconds 
  Import took 0.118041 seconds .

========================================================================
Received Prepare
Registering precompiled user dll's ...
Registered in 0.024820 seconds.
Begin MonoManager ReloadAssembly
Native extension for WindowsStandalone target not found
Native extension for WebGL target not found
Refreshing native plugins compatible for Editor in 2.69 ms, found 3 plugins.
Preloading 0 native plugins for Editor in 0.00 ms.
Mono: successfully reloaded assembly
- Completed reload, in  5.058 seconds
Platform modules already initialized, skipping
Refreshing native plugins compatible for Editor in 0.82 ms, found 3 plugins.
Preloading 0 native plugins for Editor in 0.00 ms.
Unloading 2230 Unused Serialized files (Serialized files now loaded: 0)
System memory in use before: 104.6 MB.
System memory in use after: 104.7 MB.

Unloading 19 unused Assets to reduce memory usage. Loaded Objects now: 2708.
Total: 3.370800 ms (FindLiveObjects: 0.307000 ms CreateObjectMapping: 0.130500 ms MarkObjects: 2.817500 ms  DeleteObjects: 0.114000 ms)

AssetImportParameters requested are different than current active one (requested -> active):
  custom:framework-win-MediaFoundation: 216162199b28c13a410421893ffa2e32 -> 
  custom:video-decoder-ogg-theora: a1e56fd34408186e4bbccfd4996cb3dc -> 
  custom:container-muxer-webm: aa71ff27fc2769a1b78a27578f13a17b -> 
  custom:container-demuxer-webm: 4f35f7cbe854078d1ac9338744f61a02 -> 
  custom:container-demuxer-ogg: 62fdf1f143b41e24485cea50d1cbac27 -> 
  custom:video-encoder-webm-vp8: eb34c28f22e8b96e1ab97ce403110664 -> 
  custom:video-decoder-webm-vp8: 9c59270c3fd7afecdb556c50c9e8de78 -> 
  custom:audio-decoder-ogg-vorbis: bf7c407c2cedff20999df2af8eb42d56 -> 
  custom:audio-encoder-webm-vorbis: bf7c407c2cedff20999df2af8eb42d56 -> 
========================================================================
Received Prepare
Registering precompiled user dll's ...
Registered in 0.017263 seconds.
Begin MonoManager ReloadAssembly
Native extension for WindowsStandalone target not found
Native extension for WebGL target not found
Refreshing native plugins compatible for Editor in 0.79 ms, found 3 plugins.
Preloading 0 native plugins for Editor in 0.00 ms.
Mono: successfully reloaded assembly
- Completed reload, in  1.948 seconds
Platform modules already initialized, skipping
Refreshing native plugins compatible for Editor in 1.17 ms, found 3 plugins.
Preloading 0 native plugins for Editor in 0.00 ms.
Unloading 2230 Unused Serialized files (Serialized files now loaded: 0)
System memory in use before: 104.6 MB.
System memory in use after: 104.7 MB.

Unloading 19 unused Assets to reduce memory usage. Loaded Objects now: 2712.
Total: 3.436200 ms (FindLiveObjects: 0.272700 ms CreateObjectMapping: 0.129000 ms MarkObjects: 2.910500 ms  DeleteObjects: 0.122000 ms)

AssetImportParameters requested are different than current active one (requested -> active):
  custom:framework-win-MediaFoundation: 216162199b28c13a410421893ffa2e32 -> 
  custom:video-decoder-ogg-theora: a1e56fd34408186e4bbccfd4996cb3dc -> 
  custom:container-muxer-webm: aa71ff27fc2769a1b78a27578f13a17b -> 
  custom:container-demuxer-webm: 4f35f7cbe854078d1ac9338744f61a02 -> 
  custom:container-demuxer-ogg: 62fdf1f143b41e24485cea50d1cbac27 -> 
  custom:video-encoder-webm-vp8: eb34c28f22e8b96e1ab97ce403110664 -> 
  custom:video-decoder-webm-vp8: 9c59270c3fd7afecdb556c50c9e8de78 -> 
  custom:audio-decoder-ogg-vorbis: bf7c407c2cedff20999df2af8eb42d56 -> 
  custom:audio-encoder-webm-vorbis: bf7c407c2cedff20999df2af8eb42d56 -> 
========================================================================
Received Prepare
Registering precompiled user dll's ...
Registered in 0.019245 seconds.
Begin MonoManager ReloadAssembly
Native extension for WindowsStandalone target not found
Native extension for WebGL target not found
Refreshing native plugins compatible for Editor in 1.08 ms, found 3 plugins.
Preloading 0 native plugins for Editor in 0.00 ms.
Mono: successfully reloaded assembly
- Completed reload, in  2.217 seconds
Platform modules already initialized, skipping
Refreshing native plugins compatible for Editor in 0.79 ms, found 3 plugins.
Preloading 0 native plugins for Editor in 0.00 ms.
Unloading 2230 Unused Serialized files (Serialized files now loaded: 0)
System memory in use before: 104.7 MB.
System memory in use after: 104.7 MB.

Unloading 19 unused Assets to reduce memory usage. Loaded Objects now: 2716.
Total: 3.569700 ms (FindLiveObjects: 0.432000 ms CreateObjectMapping: 0.186600 ms MarkObjects: 2.833000 ms  DeleteObjects: 0.115800 ms)

AssetImportParameters requested are different than current active one (requested -> active):
  custom:framework-win-MediaFoundation: 216162199b28c13a410421893ffa2e32 -> 
  custom:video-decoder-ogg-theora: a1e56fd34408186e4bbccfd4996cb3dc -> 
  custom:container-muxer-webm: aa71ff27fc2769a1b78a27578f13a17b -> 
  custom:container-demuxer-webm: 4f35f7cbe854078d1ac9338744f61a02 -> 
  custom:container-demuxer-ogg: 62fdf1f143b41e24485cea50d1cbac27 -> 
  custom:video-encoder-webm-vp8: eb34c28f22e8b96e1ab97ce403110664 -> 
  custom:video-decoder-webm-vp8: 9c59270c3fd7afecdb556c50c9e8de78 -> 
  custom:audio-decoder-ogg-vorbis: bf7c407c2cedff20999df2af8eb42d56 -> 
  custom:audio-encoder-webm-vorbis: bf7c407c2cedff20999df2af8eb42d56 -> 
========================================================================
Received Import Request.
  Time since last request: 1197.597484 seconds.
  path: Assets/UI Screens/Enemy Info Screen.prefab
  artifactKey: Guid(3f92b05ff66e79d448e7428afcdd0f83) Importer(815301076,1909f56bfc062723c751e8b465ee728b)
Start importing Assets/UI Screens/Enemy Info Screen.prefab using Guid(3f92b05ff66e79d448e7428afcdd0f83) Importer(815301076,1909f56bfc062723c751e8b465ee728b)  -> (artifact id: '3b39f515df3d0ee3197762e33f0f3e34') in 0.162800 seconds 
  Import took 0.169532 seconds .

========================================================================
Received Prepare
Registering precompiled user dll's ...
Registered in 0.018444 seconds.
Begin MonoManager ReloadAssembly
Native extension for WindowsStandalone target not found
Native extension for WebGL target not found
Refreshing native plugins compatible for Editor in 0.80 ms, found 3 plugins.
Preloading 0 native plugins for Editor in 0.00 ms.
Mono: successfully reloaded assembly
- Completed reload, in  2.235 seconds
Platform modules already initialized, skipping
Refreshing native plugins compatible for Editor in 0.84 ms, found 3 plugins.
Preloading 0 native plugins for Editor in 0.00 ms.
Unloading 2230 Unused Serialized files (Serialized files now loaded: 0)
System memory in use before: 104.6 MB.
System memory in use after: 104.7 MB.

Unloading 19 unused Assets to reduce memory usage. Loaded Objects now: 2720.
Total: 4.273000 ms (FindLiveObjects: 0.442800 ms CreateObjectMapping: 0.160500 ms MarkObjects: 3.551000 ms  DeleteObjects: 0.116000 ms)

AssetImportParameters requested are different than current active one (requested -> active):
  custom:framework-win-MediaFoundation: 216162199b28c13a410421893ffa2e32 -> 
  custom:video-decoder-ogg-theora: a1e56fd34408186e4bbccfd4996cb3dc -> 
  custom:container-muxer-webm: aa71ff27fc2769a1b78a27578f13a17b -> 
  custom:container-demuxer-webm: 4f35f7cbe854078d1ac9338744f61a02 -> 
  custom:container-demuxer-ogg: 62fdf1f143b41e24485cea50d1cbac27 -> 
  custom:video-encoder-webm-vp8: eb34c28f22e8b96e1ab97ce403110664 -> 
  custom:video-decoder-webm-vp8: 9c59270c3fd7afecdb556c50c9e8de78 -> 
  custom:audio-decoder-ogg-vorbis: bf7c407c2cedff20999df2af8eb42d56 -> 
  custom:audio-encoder-webm-vorbis: bf7c407c2cedff20999df2af8eb42d56 -> 
========================================================================
Received Import Request.
  Time since last request: 210.785368 seconds.
  path: Assets/UI Screens/In-Game HUD.prefab
  artifactKey: Guid(cf43c9d5e53e2ce418df6e8c08fbefe2) Importer(815301076,1909f56bfc062723c751e8b465ee728b)
Start importing Assets/UI Screens/In-Game HUD.prefab using Guid(cf43c9d5e53e2ce418df6e8c08fbefe2) Importer(815301076,1909f56bfc062723c751e8b465ee728b)  -> (artifact id: '419019450ef11e56fcb7a9907309e8b5') in 0.100164 seconds 
  Import took 0.109428 seconds .

========================================================================
Received Import Request.
  Time since last request: 0.878141 seconds.
  path: Assets/UI Screens/In-Game HUD.prefab
  artifactKey: Guid(cf43c9d5e53e2ce418df6e8c08fbefe2) Importer(815301076,1909f56bfc062723c751e8b465ee728b)
Start importing Assets/UI Screens/In-Game HUD.prefab using Guid(cf43c9d5e53e2ce418df6e8c08fbefe2) Importer(815301076,1909f56bfc062723c751e8b465ee728b)  -> (artifact id: 'dc0e1022ea05fb68d847fae0b6cf5d32') in 0.015788 seconds 
  Import took 0.023408 seconds .

========================================================================
Received Import Request.
  Time since last request: 11.004633 seconds.
  path: Assets/UI Screens/In-Game HUD.prefab
  artifactKey: Guid(cf43c9d5e53e2ce418df6e8c08fbefe2) Importer(815301076,1909f56bfc062723c751e8b465ee728b)
Start importing Assets/UI Screens/In-Game HUD.prefab using Guid(cf43c9d5e53e2ce418df6e8c08fbefe2) Importer(815301076,1909f56bfc062723c751e8b465ee728b)  -> (artifact id: 'f1274caaa4ea6094fa6e13c69d8bcb83') in 0.015233 seconds 
  Import took 0.025251 seconds .

========================================================================
Received Import Request.
  Time since last request: 8.531199 seconds.
  path: Assets/UI Screens/In-Game HUD.prefab
  artifactKey: Guid(cf43c9d5e53e2ce418df6e8c08fbefe2) Importer(815301076,1909f56bfc062723c751e8b465ee728b)
Start importing Assets/UI Screens/In-Game HUD.prefab using Guid(cf43c9d5e53e2ce418df6e8c08fbefe2) Importer(815301076,1909f56bfc062723c751e8b465ee728b)  -> (artifact id: 'cba02f961f18c5c4a26031b12097728f') in 0.016929 seconds 
  Import took 0.030286 seconds .

========================================================================
Received Import Request.
  Time since last request: 3.101311 seconds.
  path: Assets/UI Screens/In-Game HUD.prefab
  artifactKey: Guid(cf43c9d5e53e2ce418df6e8c08fbefe2) Importer(815301076,1909f56bfc062723c751e8b465ee728b)
Start importing Assets/UI Screens/In-Game HUD.prefab using Guid(cf43c9d5e53e2ce418df6e8c08fbefe2) Importer(815301076,1909f56bfc062723c751e8b465ee728b)  -> (artifact id: '1939b07ed580b6ad09e9c96853a24d74') in 0.018875 seconds 
  Import took 0.029974 seconds .

========================================================================
Received Import Request.
  Time since last request: 5.357915 seconds.
  path: Assets/UI Screens/In-Game HUD.prefab
  artifactKey: Guid(cf43c9d5e53e2ce418df6e8c08fbefe2) Importer(815301076,1909f56bfc062723c751e8b465ee728b)
Start importing Assets/UI Screens/In-Game HUD.prefab using Guid(cf43c9d5e53e2ce418df6e8c08fbefe2) Importer(815301076,1909f56bfc062723c751e8b465ee728b)  -> (artifact id: '74af59e1e4237b47a654002840f87fe5') in 0.031240 seconds 
  Import took 0.037787 seconds .

========================================================================
Received Import Request.
  Time since last request: 13.539042 seconds.
  path: Assets/UI Screens/In-Game HUD.prefab
  artifactKey: Guid(cf43c9d5e53e2ce418df6e8c08fbefe2) Importer(815301076,1909f56bfc062723c751e8b465ee728b)
Start importing Assets/UI Screens/In-Game HUD.prefab using Guid(cf43c9d5e53e2ce418df6e8c08fbefe2) Importer(815301076,1909f56bfc062723c751e8b465ee728b)  -> (artifact id: 'ba99182c64354707353072530ba4dca4') in 0.014705 seconds 
  Import took 0.022831 seconds .

========================================================================
Received Import Request.
  Time since last request: 5.740947 seconds.
  path: Assets/UI Screens/In-Game HUD.prefab
  artifactKey: Guid(cf43c9d5e53e2ce418df6e8c08fbefe2) Importer(815301076,1909f56bfc062723c751e8b465ee728b)
Start importing Assets/UI Screens/In-Game HUD.prefab using Guid(cf43c9d5e53e2ce418df6e8c08fbefe2) Importer(815301076,1909f56bfc062723c751e8b465ee728b)  -> (artifact id: '3f6571369f8893752fca6f42a4bb86d7') in 0.017809 seconds 
  Import took 0.024618 seconds .

========================================================================
Received Prepare
Registering precompiled user dll's ...
Registered in 0.012794 seconds.
Begin MonoManager ReloadAssembly
Native extension for WindowsStandalone target not found
Native extension for WebGL target not found
Refreshing native plugins compatible for Editor in 0.87 ms, found 3 plugins.
Preloading 0 native plugins for Editor in 0.00 ms.
Mono: successfully reloaded assembly
- Completed reload, in  2.525 seconds
Platform modules already initialized, skipping
Refreshing native plugins compatible for Editor in 1.32 ms, found 3 plugins.
Preloading 0 native plugins for Editor in 0.00 ms.
Unloading 2230 Unused Serialized files (Serialized files now loaded: 0)
System memory in use before: 104.7 MB.
System memory in use after: 104.9 MB.

Unloading 19 unused Assets to reduce memory usage. Loaded Objects now: 2724.
Total: 6.332300 ms (FindLiveObjects: 1.135700 ms CreateObjectMapping: 0.315700 ms MarkObjects: 4.747200 ms  DeleteObjects: 0.130200 ms)

AssetImportParameters requested are different than current active one (requested -> active):
  custom:framework-win-MediaFoundation: 216162199b28c13a410421893ffa2e32 -> 
  custom:video-decoder-ogg-theora: a1e56fd34408186e4bbccfd4996cb3dc -> 
  custom:container-muxer-webm: aa71ff27fc2769a1b78a27578f13a17b -> 
  custom:container-demuxer-webm: 4f35f7cbe854078d1ac9338744f61a02 -> 
  custom:container-demuxer-ogg: 62fdf1f143b41e24485cea50d1cbac27 -> 
  custom:video-encoder-webm-vp8: eb34c28f22e8b96e1ab97ce403110664 -> 
  custom:video-decoder-webm-vp8: 9c59270c3fd7afecdb556c50c9e8de78 -> 
  custom:audio-decoder-ogg-vorbis: bf7c407c2cedff20999df2af8eb42d56 -> 
  custom:audio-encoder-webm-vorbis: bf7c407c2cedff20999df2af8eb42d56 -> 
========================================================================
Received Prepare
Refreshing native plugins compatible for Editor in 13.40 ms, found 3 plugins.
Preloading 0 native plugins for Editor in 0.00 ms.
Unloading 17 Unused Serialized files (Serialized files now loaded: 0)
System memory in use before: 60.2 MB.
System memory in use after: 60.4 MB.

Unloading 17 unused Assets to reduce memory usage. Loaded Objects now: 2724.
Total: 4.510800 ms (FindLiveObjects: 0.288200 ms CreateObjectMapping: 0.151200 ms MarkObjects: 3.950400 ms  DeleteObjects: 0.118900 ms)

AssetImportParameters requested are different than current active one (requested -> active):
  custom:framework-win-MediaFoundation: 216162199b28c13a410421893ffa2e32 -> 
  custom:video-decoder-ogg-theora: a1e56fd34408186e4bbccfd4996cb3dc -> 
  custom:container-muxer-webm: aa71ff27fc2769a1b78a27578f13a17b -> 
  custom:container-demuxer-webm: 4f35f7cbe854078d1ac9338744f61a02 -> 
  custom:container-demuxer-ogg: 62fdf1f143b41e24485cea50d1cbac27 -> 
  custom:video-encoder-webm-vp8: eb34c28f22e8b96e1ab97ce403110664 -> 
  custom:video-decoder-webm-vp8: 9c59270c3fd7afecdb556c50c9e8de78 -> 
  custom:audio-decoder-ogg-vorbis: bf7c407c2cedff20999df2af8eb42d56 -> 
  custom:audio-encoder-webm-vorbis: bf7c407c2cedff20999df2af8eb42d56 -> 
AssetImportWorkerClient::OnTransportError - code=2 error=End of file
