Using pre-set license
Built from '2020.3/staging' branch; Version is '2020.3.13f1 (71691879b7f5) revision 7432472'; Using compiler version '192528614'; Build Type 'Release'
OS: 'Windows 10 Home; OS build 19043.1110; Version 2009; 64bit' Language: 'en' Physical Memory: 8071 MB
BatchMode: 1, IsHumanControllingUs: 0, StartBugReporterOnCrash: 0, Is64bit: 1, IsPro: 0

 COMMAND LINE ARGUMENTS:
C:\Program Files\Unity\Hub\Editor\2020.3.13f1\Editor\Unity.exe
-adb2
-batchMode
-noUpm
-name
AssetImportWorker3
-projectPath
C:/Users/halde_000.SUBHASHIS-PC/Documents/GitHub/Unity3TBDungeonGame/3TB_Dungeon_Game
-logFile
Logs/AssetImportWorker3.log
-srvPort
64629
Successfully changed project path to: C:/Users/halde_000.SUBHASHIS-PC/Documents/GitHub/Unity3TBDungeonGame/3TB_Dungeon_Game
C:/Users/halde_000.SUBHASHIS-PC/Documents/GitHub/Unity3TBDungeonGame/3TB_Dungeon_Game
Using Asset Import Pipeline V2.
Refreshing native plugins compatible for Editor in 144.66 ms, found 3 plugins.
Preloading 0 native plugins for Editor in 0.00 ms.
Initialize engine version: 2020.3.13f1 (71691879b7f5)
[Subsystems] Discovering subsystems at path C:/Program Files/Unity/Hub/Editor/2020.3.13f1/Editor/Data/Resources/UnitySubsystems
[Subsystems] Discovering subsystems at path C:/Users/halde_000.SUBHASHIS-PC/Documents/GitHub/Unity3TBDungeonGame/3TB_Dungeon_Game/Assets
GfxDevice: creating device client; threaded=0
Direct3D:
    Version:  Direct3D 11.0 [level 11.0]
    Renderer: NVIDIA GeForce GT 630M (ID=0x1140)
    Vendor:   
    VRAM:     978 MB
    Driver:   21.21.13.6909
Initialize mono
Mono path[0] = 'C:/Program Files/Unity/Hub/Editor/2020.3.13f1/Editor/Data/Managed'
Mono path[1] = 'C:/Program Files/Unity/Hub/Editor/2020.3.13f1/Editor/Data/MonoBleedingEdge/lib/mono/unityjit'
Mono config path = 'C:/Program Files/Unity/Hub/Editor/2020.3.13f1/Editor/Data/MonoBleedingEdge/etc'
Using monoOptions --debugger-agent=transport=dt_socket,embedding=1,server=y,suspend=n,address=127.0.0.1:56108
Begin MonoManager ReloadAssembly
Registering precompiled unity dll's ...
Register platform support module: C:/Program Files/Unity/Hub/Editor/2020.3.13f1/Editor/Data/PlaybackEngines/WebGLSupport/UnityEditor.WebGL.Extensions.dll
Register platform support module: C:/Program Files/Unity/Hub/Editor/2020.3.13f1/Editor/Data/PlaybackEngines/WindowsStandaloneSupport/UnityEditor.WindowsStandalone.Extensions.dll
Registered in 0.007673 seconds.
Native extension for WindowsStandalone target not found
Native extension for WebGL target not found
Refreshing native plugins compatible for Editor in 137.23 ms, found 3 plugins.
Preloading 0 native plugins for Editor in 0.00 ms.
Mono: successfully reloaded assembly
- Completed reload, in  5.865 seconds
Platform modules already initialized, skipping
Registering precompiled user dll's ...
Registered in 0.025360 seconds.
Begin MonoManager ReloadAssembly
Native extension for WindowsStandalone target not found
Native extension for WebGL target not found
Refreshing native plugins compatible for Editor in 126.27 ms, found 3 plugins.
Preloading 0 native plugins for Editor in 0.00 ms.
Mono: successfully reloaded assembly
- Completed reload, in  3.797 seconds
Platform modules already initialized, skipping
========================================================================
Worker process is ready to serve import requests
Launched and connected shader compiler UnityShaderCompiler.exe after 0.15 seconds
Refreshing native plugins compatible for Editor in 1.37 ms, found 3 plugins.
Preloading 0 native plugins for Editor in 0.00 ms.
Unloading 2238 Unused Serialized files (Serialized files now loaded: 0)
System memory in use before: 101.6 MB.
System memory in use after: 101.6 MB.

Unloading 31 unused Assets to reduce memory usage. Loaded Objects now: 2684.
Total: 14.546700 ms (FindLiveObjects: 1.917600 ms CreateObjectMapping: 4.188400 ms MarkObjects: 8.096600 ms  DeleteObjects: 0.341000 ms)

AssetImportParameters requested are different than current active one (requested -> active):
  custom:framework-win-MediaFoundation: 216162199b28c13a410421893ffa2e32 -> 
  custom:video-decoder-ogg-theora: a1e56fd34408186e4bbccfd4996cb3dc -> 
  custom:container-muxer-webm: aa71ff27fc2769a1b78a27578f13a17b -> 
  custom:container-demuxer-webm: 4f35f7cbe854078d1ac9338744f61a02 -> 
  custom:container-demuxer-ogg: 62fdf1f143b41e24485cea50d1cbac27 -> 
  custom:video-encoder-webm-vp8: eb34c28f22e8b96e1ab97ce403110664 -> 
  custom:video-decoder-webm-vp8: 9c59270c3fd7afecdb556c50c9e8de78 -> 
  custom:audio-decoder-ogg-vorbis: bf7c407c2cedff20999df2af8eb42d56 -> 
  custom:audio-encoder-webm-vorbis: bf7c407c2cedff20999df2af8eb42d56 -> 
========================================================================
Received Import Request.
  path: Assets/Code/EnemyController.cs
  artifactKey: Guid(dfac6a22c05c7cd4da07adcd5fc4c0fd) Importer(815301076,1909f56bfc062723c751e8b465ee728b)
Start importing Assets/Code/EnemyController.cs using Guid(dfac6a22c05c7cd4da07adcd5fc4c0fd) Importer(815301076,1909f56bfc062723c751e8b465ee728b)  -> (artifact id: '00000000000000000000000000000000') in 0.161331 seconds  code(4) message(Build asset version error: assets/code/enemycontroller.cs in SourceAssetDB has modification time of '2021-08-07T12:39:46.0267754Z' while content on disk has modification time of '2021-08-07T12:40:29.680341Z')
  ERROR: Build asset version error: assets/code/enemycontroller.cs in SourceAssetDB has modification time of '2021-08-07T12:39:46.0267754Z' while content on disk has modification time of '2021-08-07T12:40:29.680341Z'
  Import took 0.175218 seconds .

========================================================================
Received Import Request.
  Time since last request: 0.035343 seconds.
  path: Assets/Code/EnemyController.cs
  artifactKey: Guid(dfac6a22c05c7cd4da07adcd5fc4c0fd) Importer(815301076,1909f56bfc062723c751e8b465ee728b)
Start importing Assets/Code/EnemyController.cs using Guid(dfac6a22c05c7cd4da07adcd5fc4c0fd) Importer(815301076,1909f56bfc062723c751e8b465ee728b)  -> (artifact id: '00000000000000000000000000000000') in 0.000671 seconds  code(4) message(Build asset version error: assets/code/enemycontroller.cs in SourceAssetDB has modification time of '2021-08-07T12:39:46.0267754Z' while content on disk has modification time of '2021-08-07T12:40:29.680341Z')
  ERROR: Build asset version error: assets/code/enemycontroller.cs in SourceAssetDB has modification time of '2021-08-07T12:39:46.0267754Z' while content on disk has modification time of '2021-08-07T12:40:29.680341Z'
  Import took 0.008491 seconds .

========================================================================
Received Import Request.
  Time since last request: 0.043443 seconds.
  path: Assets/Code/EnemyController.cs
  artifactKey: Guid(dfac6a22c05c7cd4da07adcd5fc4c0fd) Importer(815301076,1909f56bfc062723c751e8b465ee728b)
Start importing Assets/Code/EnemyController.cs using Guid(dfac6a22c05c7cd4da07adcd5fc4c0fd) Importer(815301076,1909f56bfc062723c751e8b465ee728b)  -> (artifact id: '00000000000000000000000000000000') in 0.000852 seconds  code(4) message(Build asset version error: assets/code/enemycontroller.cs in SourceAssetDB has modification time of '2021-08-07T12:39:46.0267754Z' while content on disk has modification time of '2021-08-07T12:40:29.680341Z')
  ERROR: Build asset version error: assets/code/enemycontroller.cs in SourceAssetDB has modification time of '2021-08-07T12:39:46.0267754Z' while content on disk has modification time of '2021-08-07T12:40:29.680341Z'
  Import took 0.010287 seconds .

========================================================================
Received Import Request.
  Time since last request: 0.030463 seconds.
  path: Assets/Code/EnemyController.cs
  artifactKey: Guid(dfac6a22c05c7cd4da07adcd5fc4c0fd) Importer(815301076,1909f56bfc062723c751e8b465ee728b)
Start importing Assets/Code/EnemyController.cs using Guid(dfac6a22c05c7cd4da07adcd5fc4c0fd) Importer(815301076,1909f56bfc062723c751e8b465ee728b)  -> (artifact id: '00000000000000000000000000000000') in 0.001196 seconds  code(4) message(Build asset version error: assets/code/enemycontroller.cs in SourceAssetDB has modification time of '2021-08-07T12:39:46.0267754Z' while content on disk has modification time of '2021-08-07T12:40:29.680341Z')
  ERROR: Build asset version error: assets/code/enemycontroller.cs in SourceAssetDB has modification time of '2021-08-07T12:39:46.0267754Z' while content on disk has modification time of '2021-08-07T12:40:29.680341Z'
  Import took 0.017383 seconds .

========================================================================
Received Import Request.
  Time since last request: 0.005652 seconds.
  path: Assets/Code/EnemyController.cs
  artifactKey: Guid(dfac6a22c05c7cd4da07adcd5fc4c0fd) Importer(815301076,1909f56bfc062723c751e8b465ee728b)
Start importing Assets/Code/EnemyController.cs using Guid(dfac6a22c05c7cd4da07adcd5fc4c0fd) Importer(815301076,1909f56bfc062723c751e8b465ee728b)  -> (artifact id: '00000000000000000000000000000000') in 0.000866 seconds  code(4) message(Build asset version error: assets/code/enemycontroller.cs in SourceAssetDB has modification time of '2021-08-07T12:39:46.0267754Z' while content on disk has modification time of '2021-08-07T12:40:29.680341Z')
  ERROR: Build asset version error: assets/code/enemycontroller.cs in SourceAssetDB has modification time of '2021-08-07T12:39:46.0267754Z' while content on disk has modification time of '2021-08-07T12:40:29.680341Z'
  Import took 0.012087 seconds .

========================================================================
Received Import Request.
  Time since last request: 0.021303 seconds.
  path: Assets/Code/EnemyController.cs
  artifactKey: Guid(dfac6a22c05c7cd4da07adcd5fc4c0fd) Importer(815301076,1909f56bfc062723c751e8b465ee728b)
Start importing Assets/Code/EnemyController.cs using Guid(dfac6a22c05c7cd4da07adcd5fc4c0fd) Importer(815301076,1909f56bfc062723c751e8b465ee728b)  -> (artifact id: '00000000000000000000000000000000') in 0.000642 seconds  code(4) message(Build asset version error: assets/code/enemycontroller.cs in SourceAssetDB has modification time of '2021-08-07T12:39:46.0267754Z' while content on disk has modification time of '2021-08-07T12:40:29.680341Z')
  ERROR: Build asset version error: assets/code/enemycontroller.cs in SourceAssetDB has modification time of '2021-08-07T12:39:46.0267754Z' while content on disk has modification time of '2021-08-07T12:40:29.680341Z'
  Import took 0.010725 seconds .

========================================================================
Received Import Request.
  Time since last request: 0.034667 seconds.
  path: Assets/Code/EnemyController.cs
  artifactKey: Guid(dfac6a22c05c7cd4da07adcd5fc4c0fd) Importer(815301076,1909f56bfc062723c751e8b465ee728b)
Start importing Assets/Code/EnemyController.cs using Guid(dfac6a22c05c7cd4da07adcd5fc4c0fd) Importer(815301076,1909f56bfc062723c751e8b465ee728b)  -> (artifact id: '00000000000000000000000000000000') in 0.001186 seconds  code(4) message(Build asset version error: assets/code/enemycontroller.cs in SourceAssetDB has modification time of '2021-08-07T12:39:46.0267754Z' while content on disk has modification time of '2021-08-07T12:40:29.680341Z')
  ERROR: Build asset version error: assets/code/enemycontroller.cs in SourceAssetDB has modification time of '2021-08-07T12:39:46.0267754Z' while content on disk has modification time of '2021-08-07T12:40:29.680341Z'
  Import took 0.007627 seconds .

========================================================================
Received Import Request.
  Time since last request: 0.044210 seconds.
  path: Assets/Code/EnemyController.cs
  artifactKey: Guid(dfac6a22c05c7cd4da07adcd5fc4c0fd) Importer(815301076,1909f56bfc062723c751e8b465ee728b)
Start importing Assets/Code/EnemyController.cs using Guid(dfac6a22c05c7cd4da07adcd5fc4c0fd) Importer(815301076,1909f56bfc062723c751e8b465ee728b)  -> (artifact id: '00000000000000000000000000000000') in 0.001533 seconds  code(4) message(Build asset version error: assets/code/enemycontroller.cs in SourceAssetDB has modification time of '2021-08-07T12:39:46.0267754Z' while content on disk has modification time of '2021-08-07T12:40:29.680341Z')
  ERROR: Build asset version error: assets/code/enemycontroller.cs in SourceAssetDB has modification time of '2021-08-07T12:39:46.0267754Z' while content on disk has modification time of '2021-08-07T12:40:29.680341Z'
  Import took 0.023140 seconds .

========================================================================
Received Import Request.
  Time since last request: 0.001858 seconds.
  path: Assets/Code/EnemyController.cs
  artifactKey: Guid(dfac6a22c05c7cd4da07adcd5fc4c0fd) Importer(815301076,1909f56bfc062723c751e8b465ee728b)
Start importing Assets/Code/EnemyController.cs using Guid(dfac6a22c05c7cd4da07adcd5fc4c0fd) Importer(815301076,1909f56bfc062723c751e8b465ee728b)  -> (artifact id: '00000000000000000000000000000000') in 0.000784 seconds  code(4) message(Build asset version error: assets/code/enemycontroller.cs in SourceAssetDB has modification time of '2021-08-07T12:39:46.0267754Z' while content on disk has modification time of '2021-08-07T12:40:29.680341Z')
  ERROR: Build asset version error: assets/code/enemycontroller.cs in SourceAssetDB has modification time of '2021-08-07T12:39:46.0267754Z' while content on disk has modification time of '2021-08-07T12:40:29.680341Z'
  Import took 0.009436 seconds .

========================================================================
Received Import Request.
  Time since last request: 0.024012 seconds.
  path: Assets/Code/EnemyController.cs
  artifactKey: Guid(dfac6a22c05c7cd4da07adcd5fc4c0fd) Importer(815301076,1909f56bfc062723c751e8b465ee728b)
Start importing Assets/Code/EnemyController.cs using Guid(dfac6a22c05c7cd4da07adcd5fc4c0fd) Importer(815301076,1909f56bfc062723c751e8b465ee728b)  -> (artifact id: '00000000000000000000000000000000') in 0.000807 seconds  code(4) message(Build asset version error: assets/code/enemycontroller.cs in SourceAssetDB has modification time of '2021-08-07T12:39:46.0267754Z' while content on disk has modification time of '2021-08-07T12:40:29.680341Z')
  ERROR: Build asset version error: assets/code/enemycontroller.cs in SourceAssetDB has modification time of '2021-08-07T12:39:46.0267754Z' while content on disk has modification time of '2021-08-07T12:40:29.680341Z'
  Import took 0.009130 seconds .

========================================================================
Received Import Request.
  Time since last request: 0.029962 seconds.
  path: Assets/Code/EnemyController.cs
  artifactKey: Guid(dfac6a22c05c7cd4da07adcd5fc4c0fd) Importer(815301076,1909f56bfc062723c751e8b465ee728b)
Start importing Assets/Code/EnemyController.cs using Guid(dfac6a22c05c7cd4da07adcd5fc4c0fd) Importer(815301076,1909f56bfc062723c751e8b465ee728b)  -> (artifact id: '00000000000000000000000000000000') in 0.000676 seconds  code(4) message(Build asset version error: assets/code/enemycontroller.cs in SourceAssetDB has modification time of '2021-08-07T12:39:46.0267754Z' while content on disk has modification time of '2021-08-07T12:40:29.680341Z')
  ERROR: Build asset version error: assets/code/enemycontroller.cs in SourceAssetDB has modification time of '2021-08-07T12:39:46.0267754Z' while content on disk has modification time of '2021-08-07T12:40:29.680341Z'
  Import took 0.008480 seconds .

========================================================================
Received Import Request.
  Time since last request: 0.031582 seconds.
  path: Assets/Code/EnemyController.cs
  artifactKey: Guid(dfac6a22c05c7cd4da07adcd5fc4c0fd) Importer(815301076,1909f56bfc062723c751e8b465ee728b)
Start importing Assets/Code/EnemyController.cs using Guid(dfac6a22c05c7cd4da07adcd5fc4c0fd) Importer(815301076,1909f56bfc062723c751e8b465ee728b)  -> (artifact id: '00000000000000000000000000000000') in 0.000675 seconds  code(4) message(Build asset version error: assets/code/enemycontroller.cs in SourceAssetDB has modification time of '2021-08-07T12:39:46.0267754Z' while content on disk has modification time of '2021-08-07T12:40:29.680341Z')
  ERROR: Build asset version error: assets/code/enemycontroller.cs in SourceAssetDB has modification time of '2021-08-07T12:39:46.0267754Z' while content on disk has modification time of '2021-08-07T12:40:29.680341Z'
  Import took 0.007583 seconds .

========================================================================
Received Import Request.
  Time since last request: 0.037643 seconds.
  path: Assets/Code/EnemyController.cs
  artifactKey: Guid(dfac6a22c05c7cd4da07adcd5fc4c0fd) Importer(815301076,1909f56bfc062723c751e8b465ee728b)
Start importing Assets/Code/EnemyController.cs using Guid(dfac6a22c05c7cd4da07adcd5fc4c0fd) Importer(815301076,1909f56bfc062723c751e8b465ee728b)  -> (artifact id: '00000000000000000000000000000000') in 0.000814 seconds  code(4) message(Build asset version error: assets/code/enemycontroller.cs in SourceAssetDB has modification time of '2021-08-07T12:39:46.0267754Z' while content on disk has modification time of '2021-08-07T12:40:29.680341Z')
  ERROR: Build asset version error: assets/code/enemycontroller.cs in SourceAssetDB has modification time of '2021-08-07T12:39:46.0267754Z' while content on disk has modification time of '2021-08-07T12:40:29.680341Z'
  Import took 0.009770 seconds .

========================================================================
Received Import Request.
  Time since last request: 0.043970 seconds.
  path: Assets/Code/EnemyController.cs
  artifactKey: Guid(dfac6a22c05c7cd4da07adcd5fc4c0fd) Importer(815301076,1909f56bfc062723c751e8b465ee728b)
Start importing Assets/Code/EnemyController.cs using Guid(dfac6a22c05c7cd4da07adcd5fc4c0fd) Importer(815301076,1909f56bfc062723c751e8b465ee728b)  -> (artifact id: '00000000000000000000000000000000') in 0.000802 seconds  code(4) message(Build asset version error: assets/code/enemycontroller.cs in SourceAssetDB has modification time of '2021-08-07T12:39:46.0267754Z' while content on disk has modification time of '2021-08-07T12:40:29.680341Z')
  ERROR: Build asset version error: assets/code/enemycontroller.cs in SourceAssetDB has modification time of '2021-08-07T12:39:46.0267754Z' while content on disk has modification time of '2021-08-07T12:40:29.680341Z'
  Import took 0.046048 seconds .

========================================================================
Received Import Request.
  Time since last request: 0.001167 seconds.
  path: Assets/Code/EnemyController.cs
  artifactKey: Guid(dfac6a22c05c7cd4da07adcd5fc4c0fd) Importer(815301076,1909f56bfc062723c751e8b465ee728b)
Start importing Assets/Code/EnemyController.cs using Guid(dfac6a22c05c7cd4da07adcd5fc4c0fd) Importer(815301076,1909f56bfc062723c751e8b465ee728b)  -> (artifact id: '00000000000000000000000000000000') in 0.001154 seconds  code(4) message(Build asset version error: assets/code/enemycontroller.cs in SourceAssetDB has modification time of '2021-08-07T12:39:46.0267754Z' while content on disk has modification time of '2021-08-07T12:40:29.680341Z')
  ERROR: Build asset version error: assets/code/enemycontroller.cs in SourceAssetDB has modification time of '2021-08-07T12:39:46.0267754Z' while content on disk has modification time of '2021-08-07T12:40:29.680341Z'
  Import took 0.010525 seconds .

========================================================================
Received Import Request.
  Time since last request: 0.020244 seconds.
  path: Assets/Code/EnemyController.cs
  artifactKey: Guid(dfac6a22c05c7cd4da07adcd5fc4c0fd) Importer(815301076,1909f56bfc062723c751e8b465ee728b)
Start importing Assets/Code/EnemyController.cs using Guid(dfac6a22c05c7cd4da07adcd5fc4c0fd) Importer(815301076,1909f56bfc062723c751e8b465ee728b)  -> (artifact id: '00000000000000000000000000000000') in 0.000638 seconds  code(4) message(Build asset version error: assets/code/enemycontroller.cs in SourceAssetDB has modification time of '2021-08-07T12:39:46.0267754Z' while content on disk has modification time of '2021-08-07T12:40:29.680341Z')
  ERROR: Build asset version error: assets/code/enemycontroller.cs in SourceAssetDB has modification time of '2021-08-07T12:39:46.0267754Z' while content on disk has modification time of '2021-08-07T12:40:29.680341Z'
  Import took 0.010838 seconds .

========================================================================
Received Import Request.
  Time since last request: 0.027822 seconds.
  path: Assets/Code/EnemyController.cs
  artifactKey: Guid(dfac6a22c05c7cd4da07adcd5fc4c0fd) Importer(815301076,1909f56bfc062723c751e8b465ee728b)
Start importing Assets/Code/EnemyController.cs using Guid(dfac6a22c05c7cd4da07adcd5fc4c0fd) Importer(815301076,1909f56bfc062723c751e8b465ee728b)  -> (artifact id: '00000000000000000000000000000000') in 0.000703 seconds  code(4) message(Build asset version error: assets/code/enemycontroller.cs in SourceAssetDB has modification time of '2021-08-07T12:39:46.0267754Z' while content on disk has modification time of '2021-08-07T12:40:29.680341Z')
  ERROR: Build asset version error: assets/code/enemycontroller.cs in SourceAssetDB has modification time of '2021-08-07T12:39:46.0267754Z' while content on disk has modification time of '2021-08-07T12:40:29.680341Z'
  Import took 0.007903 seconds .

========================================================================
Received Import Request.
  Time since last request: 0.035810 seconds.
  path: Assets/Code/EnemyController.cs
  artifactKey: Guid(dfac6a22c05c7cd4da07adcd5fc4c0fd) Importer(815301076,1909f56bfc062723c751e8b465ee728b)
Start importing Assets/Code/EnemyController.cs using Guid(dfac6a22c05c7cd4da07adcd5fc4c0fd) Importer(815301076,1909f56bfc062723c751e8b465ee728b)  -> (artifact id: '00000000000000000000000000000000') in 0.002069 seconds  code(4) message(Build asset version error: assets/code/enemycontroller.cs in SourceAssetDB has modification time of '2021-08-07T12:39:46.0267754Z' while content on disk has modification time of '2021-08-07T12:40:29.680341Z')
  ERROR: Build asset version error: assets/code/enemycontroller.cs in SourceAssetDB has modification time of '2021-08-07T12:39:46.0267754Z' while content on disk has modification time of '2021-08-07T12:40:29.680341Z'
  Import took 0.023971 seconds .

========================================================================
Received Import Request.
  Time since last request: 0.004230 seconds.
  path: Assets/Code/EnemyController.cs
  artifactKey: Guid(dfac6a22c05c7cd4da07adcd5fc4c0fd) Importer(815301076,1909f56bfc062723c751e8b465ee728b)
Start importing Assets/Code/EnemyController.cs using Guid(dfac6a22c05c7cd4da07adcd5fc4c0fd) Importer(815301076,1909f56bfc062723c751e8b465ee728b)  -> (artifact id: '00000000000000000000000000000000') in 0.001743 seconds  code(4) message(Build asset version error: assets/code/enemycontroller.cs in SourceAssetDB has modification time of '2021-08-07T12:39:46.0267754Z' while content on disk has modification time of '2021-08-07T12:40:29.680341Z')
  ERROR: Build asset version error: assets/code/enemycontroller.cs in SourceAssetDB has modification time of '2021-08-07T12:39:46.0267754Z' while content on disk has modification time of '2021-08-07T12:40:29.680341Z'
  Import took 0.014495 seconds .

========================================================================
Received Import Request.
  Time since last request: 0.039081 seconds.
  path: Assets/Code/EnemyController.cs
  artifactKey: Guid(dfac6a22c05c7cd4da07adcd5fc4c0fd) Importer(815301076,1909f56bfc062723c751e8b465ee728b)
Start importing Assets/Code/EnemyController.cs using Guid(dfac6a22c05c7cd4da07adcd5fc4c0fd) Importer(815301076,1909f56bfc062723c751e8b465ee728b)  -> (artifact id: '00000000000000000000000000000000') in 0.001058 seconds  code(4) message(Build asset version error: assets/code/enemycontroller.cs in SourceAssetDB has modification time of '2021-08-07T12:39:46.0267754Z' while content on disk has modification time of '2021-08-07T12:40:29.680341Z')
  ERROR: Build asset version error: assets/code/enemycontroller.cs in SourceAssetDB has modification time of '2021-08-07T12:39:46.0267754Z' while content on disk has modification time of '2021-08-07T12:40:29.680341Z'
  Import took 0.021944 seconds .

========================================================================
Received Import Request.
  Time since last request: 0.029586 seconds.
  path: Assets/Code/EnemyController.cs
  artifactKey: Guid(dfac6a22c05c7cd4da07adcd5fc4c0fd) Importer(815301076,1909f56bfc062723c751e8b465ee728b)
Start importing Assets/Code/EnemyController.cs using Guid(dfac6a22c05c7cd4da07adcd5fc4c0fd) Importer(815301076,1909f56bfc062723c751e8b465ee728b)  -> (artifact id: '00000000000000000000000000000000') in 0.001129 seconds  code(4) message(Build asset version error: assets/code/enemycontroller.cs in SourceAssetDB has modification time of '2021-08-07T12:39:46.0267754Z' while content on disk has modification time of '2021-08-07T12:40:29.680341Z')
  ERROR: Build asset version error: assets/code/enemycontroller.cs in SourceAssetDB has modification time of '2021-08-07T12:39:46.0267754Z' while content on disk has modification time of '2021-08-07T12:40:29.680341Z'
  Import took 0.019522 seconds .

========================================================================
Received Import Request.
  Time since last request: 0.025147 seconds.
  path: Assets/Code/EnemyController.cs
  artifactKey: Guid(dfac6a22c05c7cd4da07adcd5fc4c0fd) Importer(815301076,1909f56bfc062723c751e8b465ee728b)
Start importing Assets/Code/EnemyController.cs using Guid(dfac6a22c05c7cd4da07adcd5fc4c0fd) Importer(815301076,1909f56bfc062723c751e8b465ee728b)  -> (artifact id: '00000000000000000000000000000000') in 0.000645 seconds  code(4) message(Build asset version error: assets/code/enemycontroller.cs in SourceAssetDB has modification time of '2021-08-07T12:39:46.0267754Z' while content on disk has modification time of '2021-08-07T12:40:29.680341Z')
  ERROR: Build asset version error: assets/code/enemycontroller.cs in SourceAssetDB has modification time of '2021-08-07T12:39:46.0267754Z' while content on disk has modification time of '2021-08-07T12:40:29.680341Z'
  Import took 0.009056 seconds .

========================================================================
Received Import Request.
  Time since last request: 0.059313 seconds.
  path: Assets/Code/EnemyController.cs
  artifactKey: Guid(dfac6a22c05c7cd4da07adcd5fc4c0fd) Importer(815301076,1909f56bfc062723c751e8b465ee728b)
Start importing Assets/Code/EnemyController.cs using Guid(dfac6a22c05c7cd4da07adcd5fc4c0fd) Importer(815301076,1909f56bfc062723c751e8b465ee728b)  -> (artifact id: '00000000000000000000000000000000') in 0.002869 seconds  code(4) message(Build asset version error: assets/code/enemycontroller.cs in SourceAssetDB has modification time of '2021-08-07T12:39:46.0267754Z' while content on disk has modification time of '2021-08-07T12:40:29.680341Z')
  ERROR: Build asset version error: assets/code/enemycontroller.cs in SourceAssetDB has modification time of '2021-08-07T12:39:46.0267754Z' while content on disk has modification time of '2021-08-07T12:40:29.680341Z'
  Import took 0.038165 seconds .

========================================================================
Received Prepare
Registering precompiled user dll's ...
Registered in 0.017744 seconds.
Begin MonoManager ReloadAssembly
Native extension for WindowsStandalone target not found
Native extension for WebGL target not found
Refreshing native plugins compatible for Editor in 0.97 ms, found 3 plugins.
Preloading 0 native plugins for Editor in 0.00 ms.
Mono: successfully reloaded assembly
- Completed reload, in  4.232 seconds
Platform modules already initialized, skipping
Refreshing native plugins compatible for Editor in 1.05 ms, found 3 plugins.
Preloading 0 native plugins for Editor in 0.00 ms.
Unloading 2226 Unused Serialized files (Serialized files now loaded: 0)
System memory in use before: 100.9 MB.
System memory in use after: 100.9 MB.

Unloading 19 unused Assets to reduce memory usage. Loaded Objects now: 2688.
Total: 4.240900 ms (FindLiveObjects: 0.347400 ms CreateObjectMapping: 0.149500 ms MarkObjects: 3.478800 ms  DeleteObjects: 0.263000 ms)

AssetImportParameters requested are different than current active one (requested -> active):
  custom:framework-win-MediaFoundation: 216162199b28c13a410421893ffa2e32 -> 
  custom:video-decoder-ogg-theora: a1e56fd34408186e4bbccfd4996cb3dc -> 
  custom:container-muxer-webm: aa71ff27fc2769a1b78a27578f13a17b -> 
  custom:container-demuxer-webm: 4f35f7cbe854078d1ac9338744f61a02 -> 
  custom:container-demuxer-ogg: 62fdf1f143b41e24485cea50d1cbac27 -> 
  custom:video-encoder-webm-vp8: eb34c28f22e8b96e1ab97ce403110664 -> 
  custom:video-decoder-webm-vp8: 9c59270c3fd7afecdb556c50c9e8de78 -> 
  custom:audio-decoder-ogg-vorbis: bf7c407c2cedff20999df2af8eb42d56 -> 
  custom:audio-encoder-webm-vorbis: bf7c407c2cedff20999df2af8eb42d56 -> 
========================================================================
Received Import Request.
  Time since last request: 12.722038 seconds.
  path: Assets/Code/EnemyController.cs
  artifactKey: Guid(dfac6a22c05c7cd4da07adcd5fc4c0fd) Importer(815301076,1909f56bfc062723c751e8b465ee728b)
Start importing Assets/Code/EnemyController.cs using Guid(dfac6a22c05c7cd4da07adcd5fc4c0fd) Importer(815301076,1909f56bfc062723c751e8b465ee728b)  -> (artifact id: 'ebdf5a5db761fb9c2af38159131326e4') in 0.016567 seconds 
  Import took 0.025433 seconds .

========================================================================
Received Import Request.
  Time since last request: 0.001010 seconds.
  path: Assets/Code/EnemyController.cs
  artifactKey: Guid(dfac6a22c05c7cd4da07adcd5fc4c0fd) Importer(815301076,1909f56bfc062723c751e8b465ee728b)
Start importing Assets/Code/EnemyController.cs using Guid(dfac6a22c05c7cd4da07adcd5fc4c0fd) Importer(815301076,1909f56bfc062723c751e8b465ee728b)  -> (artifact id: 'ebdf5a5db761fb9c2af38159131326e4') in 0.006043 seconds 
  Import took 0.017530 seconds .

========================================================================
Received Prepare
Registering precompiled user dll's ...
Registered in 0.016745 seconds.
Begin MonoManager ReloadAssembly
Native extension for WindowsStandalone target not found
Native extension for WebGL target not found
Refreshing native plugins compatible for Editor in 0.74 ms, found 3 plugins.
Preloading 0 native plugins for Editor in 0.00 ms.
Mono: successfully reloaded assembly
- Completed reload, in  2.098 seconds
Platform modules already initialized, skipping
Refreshing native plugins compatible for Editor in 0.83 ms, found 3 plugins.
Preloading 0 native plugins for Editor in 0.00 ms.
Unloading 2226 Unused Serialized files (Serialized files now loaded: 0)
System memory in use before: 100.9 MB.
System memory in use after: 101.0 MB.

Unloading 19 unused Assets to reduce memory usage. Loaded Objects now: 2692.
Total: 5.057600 ms (FindLiveObjects: 1.010400 ms CreateObjectMapping: 0.279700 ms MarkObjects: 3.648500 ms  DeleteObjects: 0.116600 ms)

AssetImportParameters requested are different than current active one (requested -> active):
  custom:framework-win-MediaFoundation: 216162199b28c13a410421893ffa2e32 -> 
  custom:video-decoder-ogg-theora: a1e56fd34408186e4bbccfd4996cb3dc -> 
  custom:container-muxer-webm: aa71ff27fc2769a1b78a27578f13a17b -> 
  custom:container-demuxer-webm: 4f35f7cbe854078d1ac9338744f61a02 -> 
  custom:container-demuxer-ogg: 62fdf1f143b41e24485cea50d1cbac27 -> 
  custom:video-encoder-webm-vp8: eb34c28f22e8b96e1ab97ce403110664 -> 
  custom:video-decoder-webm-vp8: 9c59270c3fd7afecdb556c50c9e8de78 -> 
  custom:audio-decoder-ogg-vorbis: bf7c407c2cedff20999df2af8eb42d56 -> 
  custom:audio-encoder-webm-vorbis: bf7c407c2cedff20999df2af8eb42d56 -> 
========================================================================
Received Import Request.
  Time since last request: 31.036430 seconds.
  path: Assets/Code/Room.cs
  artifactKey: Guid(beba06272a361424195ee82e0245796b) Importer(815301076,1909f56bfc062723c751e8b465ee728b)
Start importing Assets/Code/Room.cs using Guid(beba06272a361424195ee82e0245796b) Importer(815301076,1909f56bfc062723c751e8b465ee728b)  -> (artifact id: '11c0ff287cba28ae2a923df12ade4c7b') in 0.013301 seconds 
  Import took 0.022218 seconds .

========================================================================
Received Import Request.
  Time since last request: 0.001931 seconds.
  path: Assets/Code/Room.cs
  artifactKey: Guid(beba06272a361424195ee82e0245796b) Importer(815301076,1909f56bfc062723c751e8b465ee728b)
Start importing Assets/Code/Room.cs using Guid(beba06272a361424195ee82e0245796b) Importer(815301076,1909f56bfc062723c751e8b465ee728b)  -> (artifact id: '11c0ff287cba28ae2a923df12ade4c7b') in 0.008507 seconds 
  Import took 0.016138 seconds .

========================================================================
Received Prepare
Registering precompiled user dll's ...
Registered in 0.022988 seconds.
Begin MonoManager ReloadAssembly
Native extension for WindowsStandalone target not found
Native extension for WebGL target not found
Refreshing native plugins compatible for Editor in 0.76 ms, found 3 plugins.
Preloading 0 native plugins for Editor in 0.00 ms.
Mono: successfully reloaded assembly
- Completed reload, in  3.638 seconds
Platform modules already initialized, skipping
Refreshing native plugins compatible for Editor in 0.77 ms, found 3 plugins.
Preloading 0 native plugins for Editor in 0.00 ms.
Unloading 2226 Unused Serialized files (Serialized files now loaded: 0)
System memory in use before: 100.9 MB.
System memory in use after: 101.0 MB.

Unloading 19 unused Assets to reduce memory usage. Loaded Objects now: 2696.
Total: 7.659000 ms (FindLiveObjects: 0.365400 ms CreateObjectMapping: 0.153500 ms MarkObjects: 4.924500 ms  DeleteObjects: 2.211400 ms)

AssetImportParameters requested are different than current active one (requested -> active):
  custom:framework-win-MediaFoundation: 216162199b28c13a410421893ffa2e32 -> 
  custom:video-decoder-ogg-theora: a1e56fd34408186e4bbccfd4996cb3dc -> 
  custom:container-muxer-webm: aa71ff27fc2769a1b78a27578f13a17b -> 
  custom:container-demuxer-webm: 4f35f7cbe854078d1ac9338744f61a02 -> 
  custom:container-demuxer-ogg: 62fdf1f143b41e24485cea50d1cbac27 -> 
  custom:video-encoder-webm-vp8: eb34c28f22e8b96e1ab97ce403110664 -> 
  custom:video-decoder-webm-vp8: 9c59270c3fd7afecdb556c50c9e8de78 -> 
  custom:audio-decoder-ogg-vorbis: bf7c407c2cedff20999df2af8eb42d56 -> 
  custom:audio-encoder-webm-vorbis: bf7c407c2cedff20999df2af8eb42d56 -> 
========================================================================
Received Prepare
Registering precompiled user dll's ...
Registered in 0.044080 seconds.
Begin MonoManager ReloadAssembly
Native extension for WindowsStandalone target not found
Native extension for WebGL target not found
Refreshing native plugins compatible for Editor in 0.80 ms, found 3 plugins.
Preloading 0 native plugins for Editor in 0.00 ms.
Mono: successfully reloaded assembly
- Completed reload, in  3.450 seconds
Platform modules already initialized, skipping
Refreshing native plugins compatible for Editor in 0.93 ms, found 3 plugins.
Preloading 0 native plugins for Editor in 0.00 ms.
Unloading 2226 Unused Serialized files (Serialized files now loaded: 0)
System memory in use before: 101.0 MB.
System memory in use after: 101.0 MB.

Unloading 19 unused Assets to reduce memory usage. Loaded Objects now: 2700.
Total: 7.141600 ms (FindLiveObjects: 0.269300 ms CreateObjectMapping: 0.130000 ms MarkObjects: 6.584600 ms  DeleteObjects: 0.155400 ms)

AssetImportParameters requested are different than current active one (requested -> active):
  custom:framework-win-MediaFoundation: 216162199b28c13a410421893ffa2e32 -> 
  custom:video-decoder-ogg-theora: a1e56fd34408186e4bbccfd4996cb3dc -> 
  custom:container-muxer-webm: aa71ff27fc2769a1b78a27578f13a17b -> 
  custom:container-demuxer-webm: 4f35f7cbe854078d1ac9338744f61a02 -> 
  custom:container-demuxer-ogg: 62fdf1f143b41e24485cea50d1cbac27 -> 
  custom:video-encoder-webm-vp8: eb34c28f22e8b96e1ab97ce403110664 -> 
  custom:video-decoder-webm-vp8: 9c59270c3fd7afecdb556c50c9e8de78 -> 
  custom:audio-decoder-ogg-vorbis: bf7c407c2cedff20999df2af8eb42d56 -> 
  custom:audio-encoder-webm-vorbis: bf7c407c2cedff20999df2af8eb42d56 -> 
========================================================================
Received Import Request.
  Time since last request: 178.390152 seconds.
  path: Assets/Code/SummonedObject.cs
  artifactKey: Guid(80e70647c97c8844184107e3a8041913) Importer(815301076,1909f56bfc062723c751e8b465ee728b)
Start importing Assets/Code/SummonedObject.cs using Guid(80e70647c97c8844184107e3a8041913) Importer(815301076,1909f56bfc062723c751e8b465ee728b)  -> (artifact id: '452c068c18defa0955327534e39bd61d') in 0.013838 seconds 
  Import took 0.023087 seconds .

========================================================================
Received Import Request.
  Time since last request: 11.633470 seconds.
  path: Assets/Code/PlayerController.cs
  artifactKey: Guid(0ba11e2d0c5e3db4eabe14802451c381) Importer(815301076,1909f56bfc062723c751e8b465ee728b)
Start importing Assets/Code/PlayerController.cs using Guid(0ba11e2d0c5e3db4eabe14802451c381) Importer(815301076,1909f56bfc062723c751e8b465ee728b)  -> (artifact id: 'bcca613596170082a8899315b7cf7bed') in 0.009946 seconds 
  Import took 0.018719 seconds .

========================================================================
Received Import Request.
  Time since last request: 0.005810 seconds.
  path: Assets/Code/PlayerController.cs
  artifactKey: Guid(0ba11e2d0c5e3db4eabe14802451c381) Importer(815301076,1909f56bfc062723c751e8b465ee728b)
Start importing Assets/Code/PlayerController.cs using Guid(0ba11e2d0c5e3db4eabe14802451c381) Importer(815301076,1909f56bfc062723c751e8b465ee728b)  -> (artifact id: 'bcca613596170082a8899315b7cf7bed') in 0.008724 seconds 
  Import took 0.017568 seconds .

========================================================================
Received Prepare
Registering precompiled user dll's ...
Registered in 0.019070 seconds.
Begin MonoManager ReloadAssembly
Native extension for WindowsStandalone target not found
Native extension for WebGL target not found
Refreshing native plugins compatible for Editor in 0.74 ms, found 3 plugins.
Preloading 0 native plugins for Editor in 0.00 ms.
Mono: successfully reloaded assembly
- Completed reload, in  2.525 seconds
Platform modules already initialized, skipping
Refreshing native plugins compatible for Editor in 0.77 ms, found 3 plugins.
Preloading 0 native plugins for Editor in 0.00 ms.
Unloading 2226 Unused Serialized files (Serialized files now loaded: 0)
System memory in use before: 101.0 MB.
System memory in use after: 101.0 MB.

Unloading 19 unused Assets to reduce memory usage. Loaded Objects now: 2704.
Total: 5.518300 ms (FindLiveObjects: 0.357900 ms CreateObjectMapping: 0.270800 ms MarkObjects: 4.760200 ms  DeleteObjects: 0.126700 ms)

AssetImportParameters requested are different than current active one (requested -> active):
  custom:framework-win-MediaFoundation: 216162199b28c13a410421893ffa2e32 -> 
  custom:video-decoder-ogg-theora: a1e56fd34408186e4bbccfd4996cb3dc -> 
  custom:container-muxer-webm: aa71ff27fc2769a1b78a27578f13a17b -> 
  custom:container-demuxer-webm: 4f35f7cbe854078d1ac9338744f61a02 -> 
  custom:container-demuxer-ogg: 62fdf1f143b41e24485cea50d1cbac27 -> 
  custom:video-encoder-webm-vp8: eb34c28f22e8b96e1ab97ce403110664 -> 
  custom:video-decoder-webm-vp8: 9c59270c3fd7afecdb556c50c9e8de78 -> 
  custom:audio-decoder-ogg-vorbis: bf7c407c2cedff20999df2af8eb42d56 -> 
  custom:audio-encoder-webm-vorbis: bf7c407c2cedff20999df2af8eb42d56 -> 
========================================================================
Received Import Request.
  Time since last request: 147.563311 seconds.
  path: Assets/Code/PlayerController.cs
  artifactKey: Guid(0ba11e2d0c5e3db4eabe14802451c381) Importer(815301076,1909f56bfc062723c751e8b465ee728b)
Start importing Assets/Code/PlayerController.cs using Guid(0ba11e2d0c5e3db4eabe14802451c381) Importer(815301076,1909f56bfc062723c751e8b465ee728b)  -> (artifact id: '7fa8d035013869222a9557c4c9a363db') in 0.014290 seconds 
  Import took 0.024389 seconds .

========================================================================
Received Import Request.
  Time since last request: 0.085559 seconds.
  path: Assets/Code/PlayerController.cs
  artifactKey: Guid(0ba11e2d0c5e3db4eabe14802451c381) Importer(815301076,1909f56bfc062723c751e8b465ee728b)
Start importing Assets/Code/PlayerController.cs using Guid(0ba11e2d0c5e3db4eabe14802451c381) Importer(815301076,1909f56bfc062723c751e8b465ee728b)  -> (artifact id: '7fa8d035013869222a9557c4c9a363db') in 0.007573 seconds 
  Import took 0.016815 seconds .

========================================================================
Received Prepare
Registering precompiled user dll's ...
Registered in 0.018283 seconds.
Begin MonoManager ReloadAssembly
Native extension for WindowsStandalone target not found
Native extension for WebGL target not found
Refreshing native plugins compatible for Editor in 0.73 ms, found 3 plugins.
Preloading 0 native plugins for Editor in 0.00 ms.
Mono: successfully reloaded assembly
- Completed reload, in  2.694 seconds
Platform modules already initialized, skipping
Refreshing native plugins compatible for Editor in 0.79 ms, found 3 plugins.
Preloading 0 native plugins for Editor in 0.00 ms.
Unloading 2226 Unused Serialized files (Serialized files now loaded: 0)
System memory in use before: 101.0 MB.
System memory in use after: 101.1 MB.

Unloading 19 unused Assets to reduce memory usage. Loaded Objects now: 2708.
Total: 4.458700 ms (FindLiveObjects: 0.357600 ms CreateObjectMapping: 0.257400 ms MarkObjects: 3.725200 ms  DeleteObjects: 0.116400 ms)

AssetImportParameters requested are different than current active one (requested -> active):
  custom:framework-win-MediaFoundation: 216162199b28c13a410421893ffa2e32 -> 
  custom:video-decoder-ogg-theora: a1e56fd34408186e4bbccfd4996cb3dc -> 
  custom:container-muxer-webm: aa71ff27fc2769a1b78a27578f13a17b -> 
  custom:container-demuxer-webm: 4f35f7cbe854078d1ac9338744f61a02 -> 
  custom:container-demuxer-ogg: 62fdf1f143b41e24485cea50d1cbac27 -> 
  custom:video-encoder-webm-vp8: eb34c28f22e8b96e1ab97ce403110664 -> 
  custom:video-decoder-webm-vp8: 9c59270c3fd7afecdb556c50c9e8de78 -> 
  custom:audio-decoder-ogg-vorbis: bf7c407c2cedff20999df2af8eb42d56 -> 
  custom:audio-encoder-webm-vorbis: bf7c407c2cedff20999df2af8eb42d56 -> 
========================================================================
Received Import Request.
  Time since last request: 51.208591 seconds.
  path: Assets/MageEnemy.prefab
  artifactKey: Guid(c179e242ea1aace4c91afd45ad8f7738) Importer(815301076,1909f56bfc062723c751e8b465ee728b)
Start importing Assets/MageEnemy.prefab using Guid(c179e242ea1aace4c91afd45ad8f7738) Importer(815301076,1909f56bfc062723c751e8b465ee728b)  -> (artifact id: 'acdd0be84afd37f599989a9acb08d9f8') in 0.086769 seconds 
  Import took 0.095838 seconds .

========================================================================
Received Import Request.
  Time since last request: 0.784109 seconds.
  path: Assets/MageEnemy.prefab
  artifactKey: Guid(c179e242ea1aace4c91afd45ad8f7738) Importer(815301076,1909f56bfc062723c751e8b465ee728b)
Start importing Assets/MageEnemy.prefab using Guid(c179e242ea1aace4c91afd45ad8f7738) Importer(815301076,1909f56bfc062723c751e8b465ee728b)  -> (artifact id: 'acdd0be84afd37f599989a9acb08d9f8') in 0.009291 seconds 
  Import took 0.022299 seconds .

========================================================================
Received Prepare
Registering precompiled user dll's ...
Registered in 0.022955 seconds.
Begin MonoManager ReloadAssembly
Native extension for WindowsStandalone target not found
Native extension for WebGL target not found
Refreshing native plugins compatible for Editor in 0.85 ms, found 3 plugins.
Preloading 0 native plugins for Editor in 0.00 ms.
Mono: successfully reloaded assembly
- Completed reload, in  2.409 seconds
Platform modules already initialized, skipping
Refreshing native plugins compatible for Editor in 1.17 ms, found 3 plugins.
Preloading 0 native plugins for Editor in 0.00 ms.
Unloading 2226 Unused Serialized files (Serialized files now loaded: 0)
System memory in use before: 101.1 MB.
System memory in use after: 101.2 MB.

Unloading 19 unused Assets to reduce memory usage. Loaded Objects now: 2712.
Total: 6.586100 ms (FindLiveObjects: 0.518200 ms CreateObjectMapping: 0.179300 ms MarkObjects: 5.152400 ms  DeleteObjects: 0.733300 ms)

AssetImportParameters requested are different than current active one (requested -> active):
  custom:framework-win-MediaFoundation: 216162199b28c13a410421893ffa2e32 -> 
  custom:video-decoder-ogg-theora: a1e56fd34408186e4bbccfd4996cb3dc -> 
  custom:container-muxer-webm: aa71ff27fc2769a1b78a27578f13a17b -> 
  custom:container-demuxer-webm: 4f35f7cbe854078d1ac9338744f61a02 -> 
  custom:container-demuxer-ogg: 62fdf1f143b41e24485cea50d1cbac27 -> 
  custom:video-encoder-webm-vp8: eb34c28f22e8b96e1ab97ce403110664 -> 
  custom:video-decoder-webm-vp8: 9c59270c3fd7afecdb556c50c9e8de78 -> 
  custom:audio-decoder-ogg-vorbis: bf7c407c2cedff20999df2af8eb42d56 -> 
  custom:audio-encoder-webm-vorbis: bf7c407c2cedff20999df2af8eb42d56 -> 
AssetImportWorkerClient::OnTransportError - code=2 error=End of file
